{"/home/erico/projets/sema/back-end/src/index.ts": {"path":"/home/erico/projets/sema/back-end/src/index.ts","statementMap":{"0":{"start":{"line":1,"column":0},"end":{"line":1,"column":53}},"1":{"start":{"line":2,"column":0},"end":{"line":2,"column":36}},"2":{"start":{"line":3,"column":0},"end":{"line":3,"column":35}},"3":{"start":{"line":4,"column":0},"end":{"line":4,"column":24}},"4":{"start":{"line":5,"column":0},"end":{"line":5,"column":28}},"5":{"start":{"line":6,"column":0},"end":{"line":6,"column":20}},"6":{"start":{"line":7,"column":0},"end":{"line":7,"column":24}},"7":{"start":{"line":8,"column":0},"end":{"line":8,"column":31}},"8":{"start":{"line":9,"column":0},"end":{"line":9,"column":26}},"9":{"start":{"line":10,"column":0},"end":{"line":10,"column":51}},"10":{"start":{"line":12,"column":0},"end":{"line":12,"column":51}},"11":{"start":{"line":13,"column":0},"end":{"line":13,"column":59}},"12":{"start":{"line":14,"column":0},"end":{"line":14,"column":67}},"13":{"start":{"line":15,"column":0},"end":{"line":15,"column":78}},"14":{"start":{"line":16,"column":0},"end":{"line":16,"column":69}},"15":{"start":{"line":17,"column":0},"end":{"line":17,"column":72}},"16":{"start":{"line":18,"column":0},"end":{"line":18,"column":84}},"17":{"start":{"line":19,"column":0},"end":{"line":19,"column":72}},"18":{"start":{"line":20,"column":0},"end":{"line":20,"column":86}},"19":{"start":{"line":21,"column":0},"end":{"line":21,"column":98}},"20":{"start":{"line":22,"column":0},"end":{"line":22,"column":60}},"21":{"start":{"line":23,"column":0},"end":{"line":23,"column":60}},"22":{"start":{"line":25,"column":0},"end":{"line":25,"column":16}},"23":{"start":{"line":26,"column":0},"end":{"line":26,"column":12}},"24":{"start":{"line":28,"column":13},"end":{"line":28,"column":29}},"25":{"start":{"line":29,"column":13},"end":{"line":29,"column":37}},"26":{"start":{"line":31,"column":0},"end":{"line":36,"column":2}},"27":{"start":{"line":38,"column":0},"end":{"line":38,"column":24}},"28":{"start":{"line":39,"column":0},"end":{"line":39,"column":48}},"29":{"start":{"line":41,"column":19},"end":{"line":41,"column":36}},"30":{"start":{"line":42,"column":11},"end":{"line":47,"column":2}},"31":{"start":{"line":50,"column":18},"end":{"line":50,"column":55}},"32":{"start":{"line":51,"column":0},"end":{"line":53,"column":1}},"33":{"start":{"line":52,"column":2},"end":{"line":52,"column":26}},"34":{"start":{"line":55,"column":0},"end":{"line":55,"column":69}},"35":{"start":{"line":55,"column":46},"end":{"line":55,"column":67}},"36":{"start":{"line":56,"column":0},"end":{"line":56,"column":47}},"37":{"start":{"line":57,"column":0},"end":{"line":57,"column":null}},"38":{"start":{"line":59,"column":0},"end":{"line":69,"column":8}},"39":{"start":{"line":70,"column":0},"end":{"line":70,"column":22}},"40":{"start":{"line":72,"column":0},"end":{"line":74,"column":3}},"41":{"start":{"line":73,"column":2},"end":{"line":73,"column":63}},"42":{"start":{"line":75,"column":24},"end":{"line":75,"column":83}},"43":{"start":{"line":75,"column":43},"end":{"line":75,"column":83}},"44":{"start":{"line":75,"column":13},"end":{"line":75,"column":24}}},"fnMap":{"0":{"name":"(anonymous_1)","decl":{"start":{"line":55,"column":13},"end":{"line":55,"column":14}},"loc":{"start":{"line":55,"column":46},"end":{"line":55,"column":67}}},"1":{"name":"(anonymous_2)","decl":{"start":{"line":72,"column":17},"end":{"line":72,"column":20}},"loc":{"start":{"line":72,"column":22},"end":{"line":74,"column":1}}},"2":{"name":"(anonymous_3)","decl":{"start":{"line":75,"column":24},"end":{"line":75,"column":25}},"loc":{"start":{"line":75,"column":43},"end":{"line":75,"column":83}}}},"branchMap":{"0":{"loc":{"start":{"line":29,"column":13},"end":{"line":29,"column":37}},"type":"binary-expr","locations":[{"start":{"line":29,"column":13},"end":{"line":29,"column":29}},{"start":{"line":29,"column":33},"end":{"line":29,"column":37}}]},"1":{"loc":{"start":{"line":51,"column":0},"end":{"line":53,"column":1}},"type":"if","locations":[{"start":{"line":51,"column":0},"end":{"line":53,"column":1}}]},"2":{"loc":{"start":{"line":75,"column":43},"end":{"line":75,"column":83}},"type":"binary-expr","locations":[{"start":{"line":75,"column":43},"end":{"line":75,"column":53}},{"start":{"line":75,"column":57},"end":{"line":75,"column":83}}]}},"s":{"0":1,"1":1,"2":1,"3":1,"4":1,"5":1,"6":1,"7":1,"8":1,"9":1,"10":1,"11":1,"12":1,"13":1,"14":1,"15":1,"16":1,"17":1,"18":1,"19":1,"20":1,"21":1,"22":1,"23":1,"24":1,"25":1,"26":1,"27":1,"28":1,"29":1,"30":1,"31":1,"32":1,"33":0,"34":1,"35":0,"36":1,"37":1,"38":1,"39":1,"40":1,"41":1,"42":1,"43":1,"44":1},"f":{"0":0,"1":1,"2":1},"b":{"0":[1,0],"1":[0],"2":[1,1]}}
,"/home/erico/projets/sema/back-end/src/core/config/config.ts": {"path":"/home/erico/projets/sema/back-end/src/core/config/config.ts","statementMap":{"0":{"start":{"line":1,"column":0},"end":{"line":1,"column":28}},"1":{"start":{"line":4,"column":0},"end":{"line":4,"column":16}},"2":{"start":{"line":6,"column":13},"end":{"line":6,"column":66}},"3":{"start":{"line":7,"column":13},"end":{"line":7,"column":52}},"4":{"start":{"line":9,"column":13},"end":{"line":9,"column":55}},"5":{"start":{"line":10,"column":13},"end":{"line":10,"column":63}},"6":{"start":{"line":11,"column":13},"end":{"line":11,"column":53}},"7":{"start":{"line":12,"column":13},"end":{"line":12,"column":57}},"8":{"start":{"line":13,"column":13},"end":{"line":13,"column":91}},"9":{"start":{"line":15,"column":13},"end":{"line":15,"column":74}},"10":{"start":{"line":16,"column":13},"end":{"line":16,"column":93}},"11":{"start":{"line":18,"column":13},"end":{"line":25,"column":2}},"12":{"start":{"line":27,"column":13},"end":{"line":30,"column":2}}},"fnMap":{},"branchMap":{"0":{"loc":{"start":{"line":9,"column":26},"end":{"line":9,"column":54}},"type":"binary-expr","locations":[{"start":{"line":9,"column":26},"end":{"line":9,"column":48}},{"start":{"line":9,"column":52},"end":{"line":9,"column":54}}]},"1":{"loc":{"start":{"line":10,"column":30},"end":{"line":10,"column":62}},"type":"binary-expr","locations":[{"start":{"line":10,"column":30},"end":{"line":10,"column":56}},{"start":{"line":10,"column":60},"end":{"line":10,"column":62}}]},"2":{"loc":{"start":{"line":11,"column":25},"end":{"line":11,"column":52}},"type":"binary-expr","locations":[{"start":{"line":11,"column":25},"end":{"line":11,"column":46}},{"start":{"line":11,"column":50},"end":{"line":11,"column":52}}]},"3":{"loc":{"start":{"line":12,"column":27},"end":{"line":12,"column":56}},"type":"binary-expr","locations":[{"start":{"line":12,"column":27},"end":{"line":12,"column":50}},{"start":{"line":12,"column":54},"end":{"line":12,"column":56}}]},"4":{"loc":{"start":{"line":15,"column":31},"end":{"line":15,"column":73}},"type":"binary-expr","locations":[{"start":{"line":15,"column":31},"end":{"line":15,"column":58}},{"start":{"line":15,"column":62},"end":{"line":15,"column":73}}]},"5":{"loc":{"start":{"line":16,"column":27},"end":{"line":16,"column":92}},"type":"cond-expr","locations":[{"start":{"line":16,"column":53},"end":{"line":16,"column":84}},{"start":{"line":16,"column":87},"end":{"line":16,"column":92}}]}},"s":{"0":1,"1":1,"2":1,"3":1,"4":1,"5":1,"6":1,"7":1,"8":1,"9":1,"10":1,"11":1,"12":1},"f":{},"b":{"0":[1,1],"1":[1,1],"2":[1,1],"3":[1,1],"4":[1,1],"5":[0,1]}}
,"/home/erico/projets/sema/back-end/src/core/database/connection.ts": {"path":"/home/erico/projets/sema/back-end/src/core/database/connection.ts","statementMap":{"0":{"start":{"line":1,"column":0},"end":{"line":1,"column":32}},"1":{"start":{"line":2,"column":0},"end":{"line":2,"column":28}},"2":{"start":{"line":4,"column":0},"end":{"line":4,"column":16}},"3":{"start":{"line":6,"column":18},"end":{"line":14,"column":2}},"4":{"start":{"line":6,"column":29},"end":{"line":14,"column":2}},"5":{"start":{"line":7,"column":2},"end":{"line":13,"column":3}},"6":{"start":{"line":8,"column":4},"end":{"line":8,"column":58}},"7":{"start":{"line":9,"column":4},"end":{"line":9,"column":37}},"8":{"start":{"line":11,"column":4},"end":{"line":11,"column":57}},"9":{"start":{"line":12,"column":4},"end":{"line":12,"column":20}},"10":{"start":{"line":16,"column":0},"end":{"line":16,"column":25}}},"fnMap":{"0":{"name":"(anonymous_8)","decl":{"start":{"line":6,"column":18},"end":{"line":6,"column":27}},"loc":{"start":{"line":6,"column":29},"end":{"line":14,"column":2}}},"1":{"name":"(anonymous_9)","decl":{"start":{"line":6,"column":29},"end":{"line":6,"column":null}},"loc":{"start":{"line":6,"column":29},"end":{"line":14,"column":1}}}},"branchMap":{},"s":{"0":1,"1":1,"2":1,"3":1,"4":1,"5":1,"6":1,"7":0,"8":0,"9":0,"10":1},"f":{"0":1,"1":1},"b":{}}
,"/home/erico/projets/sema/back-end/src/core/database/schemas/chat.schema.ts": {"path":"/home/erico/projets/sema/back-end/src/core/database/schemas/chat.schema.ts","statementMap":{"0":{"start":{"line":1,"column":0},"end":{"line":1,"column":44}},"1":{"start":{"line":4,"column":19},"end":{"line":26,"column":null}},"2":{"start":{"line":30,"column":13},"end":{"line":30,"column":108}},"3":{"start":{"line":31,"column":0},"end":{"line":31,"column":20}}},"fnMap":{},"branchMap":{"0":{"loc":{"start":{"line":30,"column":13},"end":{"line":30,"column":108}},"type":"binary-expr","locations":[{"start":{"line":30,"column":13},"end":{"line":30,"column":60}},{"start":{"line":30,"column":64},"end":{"line":30,"column":108}}]}},"s":{"0":1,"1":1,"2":1,"3":1},"f":{},"b":{"0":[1,1]}}
,"/home/erico/projets/sema/back-end/src/core/database/schemas/credential.schema.ts": {"path":"/home/erico/projets/sema/back-end/src/core/database/schemas/credential.schema.ts","statementMap":{"0":{"start":{"line":1,"column":0},"end":{"line":1,"column":44}},"1":{"start":{"line":4,"column":26},"end":{"line":31,"column":null}},"2":{"start":{"line":34,"column":20},"end":{"line":34,"column":84}},"3":{"start":{"line":35,"column":0},"end":{"line":35,"column":27}}},"fnMap":{},"branchMap":{},"s":{"0":1,"1":1,"2":1,"3":1},"f":{},"b":{}}
,"/home/erico/projets/sema/back-end/src/core/database/schemas/scenario-item.schema.ts": {"path":"/home/erico/projets/sema/back-end/src/core/database/schemas/scenario-item.schema.ts","statementMap":{"0":{"start":{"line":1,"column":0},"end":{"line":1,"column":44}},"1":{"start":{"line":4,"column":28},"end":{"line":40,"column":null}},"2":{"start":{"line":44,"column":24},"end":{"line":44,"column":94}},"3":{"start":{"line":46,"column":2},"end":{"line":46,"column":31}}},"fnMap":{},"branchMap":{},"s":{"0":1,"1":1,"2":1,"3":1},"f":{},"b":{}}
,"/home/erico/projets/sema/back-end/src/core/database/schemas/scenario.schema.ts": {"path":"/home/erico/projets/sema/back-end/src/core/database/schemas/scenario.schema.ts","statementMap":{"0":{"start":{"line":1,"column":0},"end":{"line":1,"column":44}},"1":{"start":{"line":4,"column":23},"end":{"line":43,"column":null}},"2":{"start":{"line":47,"column":17},"end":{"line":47,"column":132}},"3":{"start":{"line":49,"column":0},"end":{"line":49,"column":24}}},"fnMap":{},"branchMap":{"0":{"loc":{"start":{"line":47,"column":17},"end":{"line":47,"column":132}},"type":"binary-expr","locations":[{"start":{"line":47,"column":17},"end":{"line":47,"column":72}},{"start":{"line":47,"column":76},"end":{"line":47,"column":132}}]}},"s":{"0":1,"1":1,"2":1,"3":1},"f":{},"b":{"0":[1,1]}}
,"/home/erico/projets/sema/back-end/src/core/database/schemas/session.schema.ts": {"path":"/home/erico/projets/sema/back-end/src/core/database/schemas/session.schema.ts","statementMap":{"0":{"start":{"line":1,"column":0},"end":{"line":1,"column":44}},"1":{"start":{"line":4,"column":22},"end":{"line":23,"column":null}},"2":{"start":{"line":27,"column":16},"end":{"line":27,"column":127}},"3":{"start":{"line":29,"column":0},"end":{"line":29,"column":23}}},"fnMap":{},"branchMap":{"0":{"loc":{"start":{"line":27,"column":16},"end":{"line":27,"column":127}},"type":"binary-expr","locations":[{"start":{"line":27,"column":16},"end":{"line":27,"column":70}},{"start":{"line":27,"column":74},"end":{"line":27,"column":127}}]}},"s":{"0":1,"1":1,"2":1,"3":1},"f":{},"b":{"0":[1,1]}}
,"/home/erico/projets/sema/back-end/src/core/database/schemas/template-scenario.schema.ts": {"path":"/home/erico/projets/sema/back-end/src/core/database/schemas/template-scenario.schema.ts","statementMap":{"0":{"start":{"line":1,"column":0},"end":{"line":1,"column":44}},"1":{"start":{"line":4,"column":32},"end":{"line":29,"column":null}},"2":{"start":{"line":33,"column":28},"end":{"line":33,"column":110}},"3":{"start":{"line":35,"column":2},"end":{"line":35,"column":35}}},"fnMap":{},"branchMap":{},"s":{"0":1,"1":1,"2":1,"3":1},"f":{},"b":{}}
,"/home/erico/projets/sema/back-end/src/core/database/schemas/user.schema.ts": {"path":"/home/erico/projets/sema/back-end/src/core/database/schemas/user.schema.ts","statementMap":{"0":{"start":{"line":1,"column":0},"end":{"line":1,"column":44}},"1":{"start":{"line":4,"column":19},"end":{"line":21,"column":null}},"2":{"start":{"line":24,"column":13},"end":{"line":24,"column":57}},"3":{"start":{"line":26,"column":0},"end":{"line":26,"column":20}}},"fnMap":{},"branchMap":{},"s":{"0":1,"1":1,"2":1,"3":1},"f":{},"b":{}}
,"/home/erico/projets/sema/back-end/src/core/database/schemas/userSema.schema.ts": {"path":"/home/erico/projets/sema/back-end/src/core/database/schemas/userSema.schema.ts","statementMap":{"0":{"start":{"line":1,"column":0},"end":{"line":1,"column":44}},"1":{"start":{"line":3,"column":0},"end":{"line":3,"column":30}},"2":{"start":{"line":5,"column":23},"end":{"line":34,"column":null}},"3":{"start":{"line":36,"column":0},"end":{"line":43,"column":5}},"4":{"start":{"line":37,"column":4},"end":{"line":39,"column":5}},"5":{"start":{"line":38,"column":6},"end":{"line":38,"column":13}},"6":{"start":{"line":41,"column":17},"end":{"line":41,"column":41}},"7":{"start":{"line":42,"column":4},"end":{"line":42,"column":59}},"8":{"start":{"line":45,"column":2},"end":{"line":47,"column":4}},"9":{"start":{"line":46,"column":4},"end":{"line":46,"column":64}},"10":{"start":{"line":48,"column":17},"end":{"line":48,"column":72}},"11":{"start":{"line":50,"column":0},"end":{"line":50,"column":24}}},"fnMap":{"0":{"name":"(anonymous_14)","decl":{"start":{"line":36,"column":27},"end":{"line":36,"column":43}},"loc":{"start":{"line":36,"column":47},"end":{"line":43,"column":4}}},"1":{"name":"(anonymous_16)","decl":{"start":{"line":45,"column":43},"end":{"line":45,"column":59}},"loc":{"start":{"line":45,"column":82},"end":{"line":47,"column":4}}}},"branchMap":{"0":{"loc":{"start":{"line":37,"column":4},"end":{"line":39,"column":5}},"type":"if","locations":[{"start":{"line":37,"column":4},"end":{"line":39,"column":5}}]}},"s":{"0":1,"1":1,"2":1,"3":1,"4":0,"5":0,"6":0,"7":0,"8":1,"9":0,"10":1,"11":1},"f":{"0":0,"1":0},"b":{"0":[0]}}
,"/home/erico/projets/sema/back-end/src/core/decorators/controller.ts": {"path":"/home/erico/projets/sema/back-end/src/core/decorators/controller.ts","statementMap":{"0":{"start":{"line":14,"column":4},"end":{"line":17,"column":6}},"1":{"start":{"line":16,"column":8},"end":{"line":16,"column":63}},"2":{"start":{"line":7,"column":0},"end":{"line":7,"column":16}}},"fnMap":{"0":{"name":"Controller","decl":{"start":{"line":7,"column":16},"end":{"line":7,"column":26}},"loc":{"start":{"line":7,"column":49},"end":{"line":18,"column":1}}},"1":{"name":"(anonymous_1)","decl":{"start":{"line":14,"column":11},"end":{"line":14,"column":12}},"loc":{"start":{"line":14,"column":27},"end":{"line":17,"column":5}}}},"branchMap":{"0":{"loc":{"start":{"line":7,"column":27},"end":{"line":7,"column":49}},"type":"default-arg","locations":[{"start":{"line":7,"column":47},"end":{"line":7,"column":49}}]}},"s":{"0":9,"1":9,"2":1},"f":{"0":9,"1":9},"b":{"0":[0]}}
,"/home/erico/projets/sema/back-end/src/core/decorators/route.ts": {"path":"/home/erico/projets/sema/back-end/src/core/decorators/route.ts","statementMap":{"0":{"start":{"line":20,"column":4},"end":{"line":36,"column":6}},"1":{"start":{"line":22,"column":26},"end":{"line":22,"column":35}},"2":{"start":{"line":24,"column":44},"end":{"line":24,"column":101}},"3":{"start":{"line":27,"column":8},"end":{"line":29,"column":9}},"4":{"start":{"line":28,"column":12},"end":{"line":28,"column":49}},"5":{"start":{"line":32,"column":8},"end":{"line":32,"column":85}},"6":{"start":{"line":35,"column":8},"end":{"line":35,"column":71}},"7":{"start":{"line":12,"column":0},"end":{"line":12,"column":16}}},"fnMap":{"0":{"name":"Route","decl":{"start":{"line":12,"column":16},"end":{"line":12,"column":21}},"loc":{"start":{"line":12,"column":95},"end":{"line":37,"column":1}}},"1":{"name":"(anonymous_1)","decl":{"start":{"line":20,"column":11},"end":{"line":20,"column":12}},"loc":{"start":{"line":20,"column":72},"end":{"line":36,"column":5}}}},"branchMap":{"0":{"loc":{"start":{"line":12,"column":45},"end":{"line":12,"column":62}},"type":"default-arg","locations":[{"start":{"line":12,"column":60},"end":{"line":12,"column":62}}]},"1":{"loc":{"start":{"line":24,"column":44},"end":{"line":24,"column":101}},"type":"binary-expr","locations":[{"start":{"line":24,"column":44},"end":{"line":24,"column":88}},{"start":{"line":24,"column":92},"end":{"line":24,"column":101}}]},"2":{"loc":{"start":{"line":27,"column":8},"end":{"line":29,"column":9}},"type":"if","locations":[{"start":{"line":27,"column":8},"end":{"line":29,"column":9}}]},"3":{"loc":{"start":{"line":32,"column":8},"end":{"line":32,"column":84}},"type":"cond-expr","locations":[{"start":{"line":32,"column":33},"end":{"line":32,"column":35}},{"start":{"line":32,"column":33},"end":{"line":32,"column":84}}]},"4":{"loc":{"start":{"line":32,"column":8},"end":{"line":32,"column":35}},"type":"binary-expr","locations":[{"start":{"line":32,"column":8},"end":{"line":32,"column":35}},{"start":{"line":32,"column":33},"end":{"line":32,"column":35}}]}},"s":{"0":52,"1":52,"2":52,"3":52,"4":34,"5":52,"6":52,"7":1},"f":{"0":52,"1":52},"b":{"0":[0],"1":[52,9],"2":[34],"3":[0,52],"4":[52,52]}}
,"/home/erico/projets/sema/back-end/src/core/decorators/mongoose/auth.ts": {"path":"/home/erico/projets/sema/back-end/src/core/decorators/mongoose/auth.ts","statementMap":{"0":{"start":{"line":3,"column":0},"end":{"line":3,"column":50}},"1":{"start":{"line":6,"column":4},"end":{"line":37,"column":6}},"2":{"start":{"line":7,"column":31},"end":{"line":7,"column":47}},"3":{"start":{"line":9,"column":8},"end":{"line":34,"column":10}},"4":{"start":{"line":10,"column":12},"end":{"line":31,"column":13}},"5":{"start":{"line":11,"column":44},"end":{"line":11,"column":52}},"6":{"start":{"line":12,"column":29},"end":{"line":12,"column":59}},"7":{"start":{"line":13,"column":16},"end":{"line":25,"column":19}},"8":{"start":{"line":14,"column":31},"end":{"line":14,"column":59}},"9":{"start":{"line":15,"column":33},"end":{"line":19,"column":null}},"10":{"start":{"line":21,"column":20},"end":{"line":21,"column":48}},"11":{"start":{"line":24,"column":20},"end":{"line":24,"column":96}},"12":{"start":{"line":30,"column":16},"end":{"line":30,"column":51}},"13":{"start":{"line":33,"column":12},"end":{"line":33,"column":61}},"14":{"start":{"line":36,"column":8},"end":{"line":36,"column":26}},"15":{"start":{"line":5,"column":0},"end":{"line":5,"column":16}}},"fnMap":{"0":{"name":"MongoUserAuth","decl":{"start":{"line":5,"column":16},"end":{"line":5,"column":29}},"loc":{"start":{"line":5,"column":47},"end":{"line":38,"column":1}}},"1":{"name":"(anonymous_8)","decl":{"start":{"line":6,"column":11},"end":{"line":6,"column":21}},"loc":{"start":{"line":6,"column":85},"end":{"line":37,"column":5}}},"2":{"name":"(anonymous_9)","decl":{"start":{"line":9,"column":27},"end":{"line":9,"column":43}},"loc":{"start":{"line":9,"column":90},"end":{"line":34,"column":10}}}},"branchMap":{"0":{"loc":{"start":{"line":13,"column":16},"end":{"line":25,"column":19}},"type":"if","locations":[{"start":{"line":13,"column":16},"end":{"line":25,"column":19}},{"start":{"line":23,"column":22},"end":{"line":25,"column":19}}]},"1":{"loc":{"start":{"line":13,"column":20},"end":{"line":13,"column":66}},"type":"binary-expr","locations":[{"start":{"line":13,"column":20},"end":{"line":13,"column":24}},{"start":{"line":13,"column":29},"end":{"line":13,"column":65}}]}},"s":{"0":1,"1":1,"2":1,"3":1,"4":0,"5":0,"6":0,"7":0,"8":0,"9":0,"10":0,"11":0,"12":0,"13":0,"14":1,"15":1},"f":{"0":1,"1":1,"2":0},"b":{"0":[0,0],"1":[0,0]}}
,"/home/erico/projets/sema/back-end/src/core/decorators/mongoose/create.ts": {"path":"/home/erico/projets/sema/back-end/src/core/decorators/mongoose/create.ts","statementMap":{"0":{"start":{"line":2,"column":0},"end":{"line":2,"column":43}},"1":{"start":{"line":5,"column":4},"end":{"line":28,"column":6}},"2":{"start":{"line":6,"column":31},"end":{"line":6,"column":47}},"3":{"start":{"line":8,"column":8},"end":{"line":25,"column":10}},"4":{"start":{"line":9,"column":12},"end":{"line":22,"column":13}},"5":{"start":{"line":10,"column":33},"end":{"line":12,"column":null}},"6":{"start":{"line":15,"column":16},"end":{"line":15,"column":38}},"7":{"start":{"line":17,"column":16},"end":{"line":17,"column":43}},"8":{"start":{"line":21,"column":16},"end":{"line":21,"column":51}},"9":{"start":{"line":24,"column":12},"end":{"line":24,"column":61}},"10":{"start":{"line":27,"column":8},"end":{"line":27,"column":26}},"11":{"start":{"line":4,"column":0},"end":{"line":4,"column":16}}},"fnMap":{"0":{"name":"MongoCreate","decl":{"start":{"line":4,"column":16},"end":{"line":4,"column":27}},"loc":{"start":{"line":4,"column":45},"end":{"line":29,"column":1}}},"1":{"name":"(anonymous_9)","decl":{"start":{"line":5,"column":11},"end":{"line":5,"column":21}},"loc":{"start":{"line":5,"column":85},"end":{"line":28,"column":5}}},"2":{"name":"(anonymous_10)","decl":{"start":{"line":8,"column":27},"end":{"line":8,"column":43}},"loc":{"start":{"line":8,"column":90},"end":{"line":25,"column":10}}}},"branchMap":{},"s":{"0":1,"1":7,"2":7,"3":7,"4":0,"5":0,"6":0,"7":0,"8":0,"9":0,"10":7,"11":1},"f":{"0":7,"1":7,"2":0},"b":{}}
,"/home/erico/projets/sema/back-end/src/core/decorators/mongoose/delete.ts": {"path":"/home/erico/projets/sema/back-end/src/core/decorators/mongoose/delete.ts","statementMap":{"0":{"start":{"line":5,"column":4},"end":{"line":23,"column":6}},"1":{"start":{"line":6,"column":31},"end":{"line":6,"column":47}},"2":{"start":{"line":8,"column":8},"end":{"line":20,"column":10}},"3":{"start":{"line":9,"column":12},"end":{"line":17,"column":13}},"4":{"start":{"line":10,"column":33},"end":{"line":10,"column":85}},"5":{"start":{"line":12,"column":16},"end":{"line":12,"column":58}},"6":{"start":{"line":12,"column":31},"end":{"line":12,"column":58}},"7":{"start":{"line":16,"column":16},"end":{"line":16,"column":51}},"8":{"start":{"line":19,"column":12},"end":{"line":19,"column":61}},"9":{"start":{"line":22,"column":8},"end":{"line":22,"column":26}},"10":{"start":{"line":4,"column":0},"end":{"line":4,"column":16}}},"fnMap":{"0":{"name":"MongoDelete","decl":{"start":{"line":4,"column":16},"end":{"line":4,"column":27}},"loc":{"start":{"line":4,"column":45},"end":{"line":24,"column":1}}},"1":{"name":"(anonymous_8)","decl":{"start":{"line":5,"column":11},"end":{"line":5,"column":21}},"loc":{"start":{"line":5,"column":85},"end":{"line":23,"column":5}}},"2":{"name":"(anonymous_9)","decl":{"start":{"line":8,"column":27},"end":{"line":8,"column":43}},"loc":{"start":{"line":8,"column":90},"end":{"line":20,"column":10}}}},"branchMap":{"0":{"loc":{"start":{"line":12,"column":16},"end":{"line":12,"column":58}},"type":"if","locations":[{"start":{"line":12,"column":16},"end":{"line":12,"column":58}}]}},"s":{"0":8,"1":8,"2":8,"3":0,"4":0,"5":0,"6":0,"7":0,"8":0,"9":8,"10":1},"f":{"0":8,"1":8,"2":0},"b":{"0":[0]}}
,"/home/erico/projets/sema/back-end/src/core/decorators/mongoose/get.ts": {"path":"/home/erico/projets/sema/back-end/src/core/decorators/mongoose/get.ts","statementMap":{"0":{"start":{"line":5,"column":4},"end":{"line":27,"column":6}},"1":{"start":{"line":6,"column":31},"end":{"line":6,"column":47}},"2":{"start":{"line":8,"column":8},"end":{"line":24,"column":10}},"3":{"start":{"line":9,"column":12},"end":{"line":21,"column":13}},"4":{"start":{"line":10,"column":33},"end":{"line":10,"column":68}},"5":{"start":{"line":12,"column":16},"end":{"line":16,"column":17}},"6":{"start":{"line":13,"column":20},"end":{"line":13,"column":44}},"7":{"start":{"line":15,"column":20},"end":{"line":15,"column":72}},"8":{"start":{"line":20,"column":16},"end":{"line":20,"column":51}},"9":{"start":{"line":23,"column":12},"end":{"line":23,"column":61}},"10":{"start":{"line":26,"column":8},"end":{"line":26,"column":26}},"11":{"start":{"line":4,"column":0},"end":{"line":4,"column":16}}},"fnMap":{"0":{"name":"MongoGet","decl":{"start":{"line":4,"column":16},"end":{"line":4,"column":24}},"loc":{"start":{"line":4,"column":42},"end":{"line":28,"column":1}}},"1":{"name":"(anonymous_8)","decl":{"start":{"line":5,"column":11},"end":{"line":5,"column":21}},"loc":{"start":{"line":5,"column":85},"end":{"line":27,"column":5}}},"2":{"name":"(anonymous_9)","decl":{"start":{"line":8,"column":27},"end":{"line":8,"column":43}},"loc":{"start":{"line":8,"column":90},"end":{"line":24,"column":10}}}},"branchMap":{"0":{"loc":{"start":{"line":12,"column":16},"end":{"line":16,"column":17}},"type":"if","locations":[{"start":{"line":12,"column":16},"end":{"line":16,"column":17}},{"start":{"line":14,"column":23},"end":{"line":16,"column":17}}]}},"s":{"0":8,"1":8,"2":8,"3":0,"4":0,"5":0,"6":0,"7":0,"8":0,"9":0,"10":8,"11":1},"f":{"0":8,"1":8,"2":0},"b":{"0":[0,0]}}
,"/home/erico/projets/sema/back-end/src/core/decorators/mongoose/getAll.ts": {"path":"/home/erico/projets/sema/back-end/src/core/decorators/mongoose/getAll.ts","statementMap":{"0":{"start":{"line":5,"column":4},"end":{"line":22,"column":6}},"1":{"start":{"line":6,"column":31},"end":{"line":6,"column":47}},"2":{"start":{"line":8,"column":8},"end":{"line":19,"column":10}},"3":{"start":{"line":9,"column":12},"end":{"line":16,"column":13}},"4":{"start":{"line":10,"column":34},"end":{"line":10,"column":52}},"5":{"start":{"line":11,"column":16},"end":{"line":11,"column":44}},"6":{"start":{"line":15,"column":16},"end":{"line":15,"column":51}},"7":{"start":{"line":18,"column":12},"end":{"line":18,"column":61}},"8":{"start":{"line":21,"column":8},"end":{"line":21,"column":26}},"9":{"start":{"line":4,"column":0},"end":{"line":4,"column":16}}},"fnMap":{"0":{"name":"MongoGetAll","decl":{"start":{"line":4,"column":16},"end":{"line":4,"column":27}},"loc":{"start":{"line":4,"column":45},"end":{"line":23,"column":1}}},"1":{"name":"(anonymous_8)","decl":{"start":{"line":5,"column":11},"end":{"line":5,"column":21}},"loc":{"start":{"line":5,"column":85},"end":{"line":22,"column":5}}},"2":{"name":"(anonymous_9)","decl":{"start":{"line":8,"column":27},"end":{"line":8,"column":43}},"loc":{"start":{"line":8,"column":90},"end":{"line":19,"column":10}}}},"branchMap":{},"s":{"0":8,"1":8,"2":8,"3":0,"4":0,"5":0,"6":0,"7":0,"8":8,"9":1},"f":{"0":8,"1":8,"2":0},"b":{}}
,"/home/erico/projets/sema/back-end/src/core/decorators/mongoose/getByCredential.ts": {"path":"/home/erico/projets/sema/back-end/src/core/decorators/mongoose/getByCredential.ts","statementMap":{"0":{"start":{"line":5,"column":4},"end":{"line":22,"column":6}},"1":{"start":{"line":6,"column":31},"end":{"line":6,"column":47}},"2":{"start":{"line":8,"column":8},"end":{"line":19,"column":10}},"3":{"start":{"line":9,"column":12},"end":{"line":16,"column":13}},"4":{"start":{"line":10,"column":34},"end":{"line":10,"column":82}},"5":{"start":{"line":11,"column":16},"end":{"line":11,"column":43}},"6":{"start":{"line":15,"column":16},"end":{"line":15,"column":51}},"7":{"start":{"line":18,"column":12},"end":{"line":18,"column":61}},"8":{"start":{"line":21,"column":8},"end":{"line":21,"column":26}},"9":{"start":{"line":4,"column":0},"end":{"line":4,"column":16}}},"fnMap":{"0":{"name":"getByCredential","decl":{"start":{"line":4,"column":16},"end":{"line":4,"column":31}},"loc":{"start":{"line":4,"column":49},"end":{"line":23,"column":1}}},"1":{"name":"(anonymous_8)","decl":{"start":{"line":5,"column":11},"end":{"line":5,"column":21}},"loc":{"start":{"line":5,"column":85},"end":{"line":22,"column":5}}},"2":{"name":"(anonymous_9)","decl":{"start":{"line":8,"column":27},"end":{"line":8,"column":43}},"loc":{"start":{"line":8,"column":90},"end":{"line":19,"column":10}}}},"branchMap":{},"s":{"0":1,"1":1,"2":1,"3":0,"4":0,"5":0,"6":0,"7":0,"8":1,"9":1},"f":{"0":1,"1":1,"2":0},"b":{}}
,"/home/erico/projets/sema/back-end/src/core/decorators/mongoose/query.ts": {"path":"/home/erico/projets/sema/back-end/src/core/decorators/mongoose/query.ts","statementMap":{"0":{"start":{"line":5,"column":4},"end":{"line":22,"column":6}},"1":{"start":{"line":6,"column":31},"end":{"line":6,"column":47}},"2":{"start":{"line":8,"column":8},"end":{"line":19,"column":10}},"3":{"start":{"line":9,"column":12},"end":{"line":16,"column":13}},"4":{"start":{"line":10,"column":34},"end":{"line":10,"column":67}},"5":{"start":{"line":11,"column":16},"end":{"line":11,"column":43}},"6":{"start":{"line":15,"column":16},"end":{"line":15,"column":51}},"7":{"start":{"line":18,"column":12},"end":{"line":18,"column":61}},"8":{"start":{"line":21,"column":8},"end":{"line":21,"column":26}},"9":{"start":{"line":4,"column":0},"end":{"line":4,"column":16}}},"fnMap":{"0":{"name":"MongoQuery","decl":{"start":{"line":4,"column":16},"end":{"line":4,"column":26}},"loc":{"start":{"line":4,"column":44},"end":{"line":23,"column":1}}},"1":{"name":"(anonymous_8)","decl":{"start":{"line":5,"column":11},"end":{"line":5,"column":21}},"loc":{"start":{"line":5,"column":85},"end":{"line":22,"column":5}}},"2":{"name":"(anonymous_9)","decl":{"start":{"line":8,"column":27},"end":{"line":8,"column":43}},"loc":{"start":{"line":8,"column":90},"end":{"line":19,"column":10}}}},"branchMap":{},"s":{"0":7,"1":7,"2":7,"3":0,"4":0,"5":0,"6":0,"7":0,"8":7,"9":1},"f":{"0":7,"1":7,"2":0},"b":{}}
,"/home/erico/projets/sema/back-end/src/core/decorators/mongoose/register.ts": {"path":"/home/erico/projets/sema/back-end/src/core/decorators/mongoose/register.ts","statementMap":{"0":{"start":{"line":2,"column":0},"end":{"line":2,"column":43}},"1":{"start":{"line":5,"column":4},"end":{"line":33,"column":6}},"2":{"start":{"line":6,"column":31},"end":{"line":6,"column":47}},"3":{"start":{"line":8,"column":8},"end":{"line":30,"column":10}},"4":{"start":{"line":9,"column":12},"end":{"line":27,"column":13}},"5":{"start":{"line":10,"column":33},"end":{"line":10,"column":41}},"6":{"start":{"line":11,"column":35},"end":{"line":11,"column":65}},"7":{"start":{"line":12,"column":16},"end":{"line":14,"column":19}},"8":{"start":{"line":13,"column":20},"end":{"line":13,"column":81}},"9":{"start":{"line":15,"column":33},"end":{"line":17,"column":null}},"10":{"start":{"line":20,"column":16},"end":{"line":20,"column":38}},"11":{"start":{"line":22,"column":16},"end":{"line":22,"column":43}},"12":{"start":{"line":26,"column":16},"end":{"line":26,"column":51}},"13":{"start":{"line":29,"column":12},"end":{"line":29,"column":61}},"14":{"start":{"line":32,"column":8},"end":{"line":32,"column":26}},"15":{"start":{"line":4,"column":0},"end":{"line":4,"column":16}}},"fnMap":{"0":{"name":"MongoUserRegister","decl":{"start":{"line":4,"column":16},"end":{"line":4,"column":33}},"loc":{"start":{"line":4,"column":51},"end":{"line":34,"column":1}}},"1":{"name":"(anonymous_9)","decl":{"start":{"line":5,"column":11},"end":{"line":5,"column":21}},"loc":{"start":{"line":5,"column":85},"end":{"line":33,"column":5}}},"2":{"name":"(anonymous_10)","decl":{"start":{"line":8,"column":27},"end":{"line":8,"column":43}},"loc":{"start":{"line":8,"column":90},"end":{"line":30,"column":10}}}},"branchMap":{"0":{"loc":{"start":{"line":12,"column":16},"end":{"line":14,"column":19}},"type":"if","locations":[{"start":{"line":12,"column":16},"end":{"line":14,"column":19}}]}},"s":{"0":1,"1":1,"2":1,"3":1,"4":0,"5":0,"6":0,"7":0,"8":0,"9":0,"10":0,"11":0,"12":0,"13":0,"14":1,"15":1},"f":{"0":1,"1":1,"2":0},"b":{"0":[0]}}
,"/home/erico/projets/sema/back-end/src/core/decorators/mongoose/update.ts": {"path":"/home/erico/projets/sema/back-end/src/core/decorators/mongoose/update.ts","statementMap":{"0":{"start":{"line":5,"column":4},"end":{"line":31,"column":6}},"1":{"start":{"line":6,"column":31},"end":{"line":6,"column":47}},"2":{"start":{"line":8,"column":8},"end":{"line":28,"column":10}},"3":{"start":{"line":9,"column":12},"end":{"line":25,"column":13}},"4":{"start":{"line":10,"column":33},"end":{"line":10,"column":68}},"5":{"start":{"line":12,"column":16},"end":{"line":14,"column":17}},"6":{"start":{"line":13,"column":20},"end":{"line":13,"column":74}},"7":{"start":{"line":16,"column":16},"end":{"line":16,"column":46}},"8":{"start":{"line":18,"column":16},"end":{"line":18,"column":38}},"9":{"start":{"line":20,"column":16},"end":{"line":20,"column":43}},"10":{"start":{"line":24,"column":16},"end":{"line":24,"column":51}},"11":{"start":{"line":27,"column":12},"end":{"line":27,"column":61}},"12":{"start":{"line":30,"column":8},"end":{"line":30,"column":26}},"13":{"start":{"line":4,"column":0},"end":{"line":4,"column":16}}},"fnMap":{"0":{"name":"MongoUpdate","decl":{"start":{"line":4,"column":16},"end":{"line":4,"column":27}},"loc":{"start":{"line":4,"column":45},"end":{"line":32,"column":1}}},"1":{"name":"(anonymous_8)","decl":{"start":{"line":5,"column":11},"end":{"line":5,"column":21}},"loc":{"start":{"line":5,"column":85},"end":{"line":31,"column":5}}},"2":{"name":"(anonymous_9)","decl":{"start":{"line":8,"column":27},"end":{"line":8,"column":43}},"loc":{"start":{"line":8,"column":90},"end":{"line":28,"column":10}}}},"branchMap":{"0":{"loc":{"start":{"line":12,"column":16},"end":{"line":14,"column":17}},"type":"if","locations":[{"start":{"line":12,"column":16},"end":{"line":14,"column":17}}]}},"s":{"0":8,"1":8,"2":8,"3":0,"4":0,"5":0,"6":0,"7":0,"8":0,"9":0,"10":0,"11":0,"12":8,"13":1},"f":{"0":8,"1":8,"2":0},"b":{"0":[0]}}
,"/home/erico/projets/sema/back-end/src/core/decorators/mongoose/uploadFile.ts": {"path":"/home/erico/projets/sema/back-end/src/core/decorators/mongoose/uploadFile.ts","statementMap":{"0":{"start":{"line":5,"column":4},"end":{"line":34,"column":6}},"1":{"start":{"line":6,"column":31},"end":{"line":6,"column":47}},"2":{"start":{"line":8,"column":8},"end":{"line":31,"column":10}},"3":{"start":{"line":9,"column":12},"end":{"line":28,"column":13}},"4":{"start":{"line":16,"column":29},"end":{"line":16,"column":37}},"5":{"start":{"line":18,"column":16},"end":{"line":20,"column":17}},"6":{"start":{"line":19,"column":19},"end":{"line":19,"column":68}},"7":{"start":{"line":21,"column":32},"end":{"line":21,"column":95}},"8":{"start":{"line":23,"column":16},"end":{"line":23,"column":51}},"9":{"start":{"line":27,"column":16},"end":{"line":27,"column":51}},"10":{"start":{"line":30,"column":12},"end":{"line":30,"column":61}},"11":{"start":{"line":33,"column":8},"end":{"line":33,"column":26}},"12":{"start":{"line":4,"column":0},"end":{"line":4,"column":16}}},"fnMap":{"0":{"name":"MongoUploadFile","decl":{"start":{"line":4,"column":16},"end":{"line":4,"column":31}},"loc":{"start":{"line":4,"column":49},"end":{"line":35,"column":1}}},"1":{"name":"(anonymous_8)","decl":{"start":{"line":5,"column":11},"end":{"line":5,"column":21}},"loc":{"start":{"line":5,"column":85},"end":{"line":34,"column":5}}},"2":{"name":"(anonymous_9)","decl":{"start":{"line":8,"column":27},"end":{"line":8,"column":43}},"loc":{"start":{"line":8,"column":90},"end":{"line":31,"column":10}}}},"branchMap":{"0":{"loc":{"start":{"line":18,"column":16},"end":{"line":20,"column":17}},"type":"if","locations":[{"start":{"line":18,"column":16},"end":{"line":20,"column":17}}]}},"s":{"0":1,"1":1,"2":1,"3":0,"4":0,"5":0,"6":0,"7":0,"8":0,"9":0,"10":0,"11":1,"12":1},"f":{"0":1,"1":1,"2":0},"b":{"0":[0]}}
,"/home/erico/projets/sema/back-end/src/core/enums/message.enum.ts": {"path":"/home/erico/projets/sema/back-end/src/core/enums/message.enum.ts","statementMap":{"0":{"start":{"line":1,"column":0},"end":{"line":1,"column":null}},"1":{"start":{"line":2,"column":4},"end":{"line":2,"column":null}}},"fnMap":{"0":{"name":"(anonymous_0)","decl":{"start":{"line":1,"column":0},"end":{"line":1,"column":12}},"loc":{"start":{"line":1,"column":31},"end":{"line":3,"column":1}}}},"branchMap":{"0":{"loc":{"start":{"line":1,"column":12},"end":{"line":1,"column":null}},"type":"binary-expr","locations":[{"start":{"line":1,"column":12},"end":{"line":1,"column":31}},{"start":{"line":1,"column":31},"end":{"line":1,"column":null}}]}},"s":{"0":1,"1":1},"f":{"0":1},"b":{"0":[1,1]}}
,"/home/erico/projets/sema/back-end/src/core/enums/scenario.enum.ts": {"path":"/home/erico/projets/sema/back-end/src/core/enums/scenario.enum.ts","statementMap":{"0":{"start":{"line":1,"column":0},"end":{"line":1,"column":null}},"1":{"start":{"line":2,"column":4},"end":{"line":2,"column":null}},"2":{"start":{"line":3,"column":4},"end":{"line":3,"column":null}},"3":{"start":{"line":4,"column":4},"end":{"line":4,"column":null}},"4":{"start":{"line":5,"column":4},"end":{"line":5,"column":null}},"5":{"start":{"line":6,"column":4},"end":{"line":6,"column":null}},"6":{"start":{"line":7,"column":4},"end":{"line":7,"column":null}}},"fnMap":{"0":{"name":"(anonymous_0)","decl":{"start":{"line":1,"column":0},"end":{"line":1,"column":12}},"loc":{"start":{"line":1,"column":31},"end":{"line":8,"column":1}}}},"branchMap":{"0":{"loc":{"start":{"line":1,"column":12},"end":{"line":1,"column":null}},"type":"binary-expr","locations":[{"start":{"line":1,"column":12},"end":{"line":1,"column":31}},{"start":{"line":1,"column":31},"end":{"line":1,"column":null}}]}},"s":{"0":1,"1":1,"2":1,"3":1,"4":1,"5":1,"6":1},"f":{"0":1},"b":{"0":[1,1]}}
,"/home/erico/projets/sema/back-end/src/core/middlewares/declareHandler.ts": {"path":"/home/erico/projets/sema/back-end/src/core/middlewares/declareHandler.ts","statementMap":{"0":{"start":{"line":19,"column":4},"end":{"line":19,"column":29}},"1":{"start":{"line":20,"column":4},"end":{"line":20,"column":25}},"2":{"start":{"line":21,"column":4},"end":{"line":21,"column":32}},"3":{"start":{"line":22,"column":4},"end":{"line":22,"column":32}},"4":{"start":{"line":23,"column":4},"end":{"line":23,"column":24}},"5":{"start":{"line":24,"column":4},"end":{"line":24,"column":33}},"6":{"start":{"line":25,"column":4},"end":{"line":25,"column":37}},"7":{"start":{"line":27,"column":4},"end":{"line":27,"column":11}},"8":{"start":{"line":18,"column":0},"end":{"line":18,"column":16}}},"fnMap":{"0":{"name":"declareHandler","decl":{"start":{"line":18,"column":16},"end":{"line":18,"column":30}},"loc":{"start":{"line":18,"column":78},"end":{"line":28,"column":1}}}},"branchMap":{},"s":{"0":1,"1":1,"2":1,"3":1,"4":1,"5":1,"6":1,"7":1,"8":1},"f":{"0":1},"b":{}}
,"/home/erico/projets/sema/back-end/src/core/middlewares/errorHandler.ts": {"path":"/home/erico/projets/sema/back-end/src/core/middlewares/errorHandler.ts","statementMap":{"0":{"start":{"line":1,"column":0},"end":{"line":1,"column":40}},"1":{"start":{"line":3,"column":21},"end":{"line":7,"column":1}},"2":{"start":{"line":4,"column":4},"end":{"line":4,"column":null}},"3":{"start":{"line":5,"column":4},"end":{"line":5,"column":59}},"4":{"start":{"line":6,"column":4},"end":{"line":6,"column":38}},"5":{"start":{"line":9,"column":0},"end":{"line":9,"column":28}}},"fnMap":{"0":{"name":"(anonymous_0)","decl":{"start":{"line":3,"column":21},"end":{"line":3,"column":22}},"loc":{"start":{"line":3,"column":65},"end":{"line":7,"column":1}}}},"branchMap":{},"s":{"0":1,"1":1,"2":0,"3":0,"4":0,"5":1},"f":{"0":0},"b":{}}
,"/home/erico/projets/sema/back-end/src/core/middlewares/logEvents.ts": {"path":"/home/erico/projets/sema/back-end/src/core/middlewares/logEvents.ts","statementMap":{"0":{"start":{"line":1,"column":0},"end":{"line":1,"column":34}},"1":{"start":{"line":2,"column":0},"end":{"line":2,"column":36}},"2":{"start":{"line":3,"column":0},"end":{"line":3,"column":19}},"3":{"start":{"line":4,"column":0},"end":{"line":4,"column":41}},"4":{"start":{"line":5,"column":0},"end":{"line":5,"column":24}},"5":{"start":{"line":8,"column":18},"end":{"line":21,"column":null}},"6":{"start":{"line":8,"column":61},"end":{"line":21,"column":null}},"7":{"start":{"line":9,"column":21},"end":{"line":9,"column":66}},"8":{"start":{"line":10,"column":20},"end":{"line":10,"column":60}},"9":{"start":{"line":12,"column":4},"end":{"line":20,"column":5}},"10":{"start":{"line":13,"column":8},"end":{"line":15,"column":9}},"11":{"start":{"line":14,"column":12},"end":{"line":14,"column":71}},"12":{"start":{"line":17,"column":8},"end":{"line":17,"column":90}},"13":{"start":{"line":19,"column":8},"end":{"line":19,"column":25}},"14":{"start":{"line":35,"column":17},"end":{"line":35,"column":26}},"15":{"start":{"line":23,"column":19},"end":{"line":27,"column":1}},"16":{"start":{"line":24,"column":37},"end":{"line":24,"column":44}},"17":{"start":{"line":25,"column":23},"end":{"line":25,"column":61}},"18":{"start":{"line":26,"column":4},"end":{"line":26,"column":40}},"19":{"start":{"line":29,"column":15},"end":{"line":33,"column":1}},"20":{"start":{"line":30,"column":4},"end":{"line":30,"column":53}},"21":{"start":{"line":31,"column":4},"end":{"line":31,"column":24}},"22":{"start":{"line":32,"column":4},"end":{"line":32,"column":11}},"23":{"start":{"line":35,"column":9},"end":{"line":35,"column":15}}},"fnMap":{"0":{"name":"(anonymous_8)","decl":{"start":{"line":8,"column":18},"end":{"line":8,"column":25}},"loc":{"start":{"line":8,"column":61},"end":{"line":21,"column":null}}},"1":{"name":"(anonymous_9)","decl":{"start":{"line":8,"column":61},"end":{"line":8,"column":null}},"loc":{"start":{"line":8,"column":61},"end":{"line":21,"column":1}}},"2":{"name":"(anonymous_10)","decl":{"start":{"line":23,"column":19},"end":{"line":23,"column":20}},"loc":{"start":{"line":23,"column":40},"end":{"line":27,"column":1}}},"3":{"name":"(anonymous_11)","decl":{"start":{"line":29,"column":15},"end":{"line":29,"column":16}},"loc":{"start":{"line":29,"column":60},"end":{"line":33,"column":1}}}},"branchMap":{"0":{"loc":{"start":{"line":13,"column":8},"end":{"line":15,"column":9}},"type":"if","locations":[{"start":{"line":13,"column":8},"end":{"line":15,"column":9}}]}},"s":{"0":1,"1":1,"2":1,"3":1,"4":1,"5":1,"6":0,"7":0,"8":0,"9":0,"10":0,"11":0,"12":0,"13":0,"14":1,"15":1,"16":0,"17":0,"18":0,"19":1,"20":0,"21":0,"22":0,"23":1},"f":{"0":0,"1":0,"2":0,"3":0},"b":{"0":[0]}}
,"/home/erico/projets/sema/back-end/src/core/routes/route.ts": {"path":"/home/erico/projets/sema/back-end/src/core/routes/route.ts","statementMap":{"0":{"start":{"line":13,"column":4},"end":{"line":60,"column":5}},"1":{"start":{"line":13,"column":17},"end":{"line":13,"column":18}},"2":{"start":{"line":15,"column":27},"end":{"line":15,"column":47}},"3":{"start":{"line":18,"column":81},"end":{"line":20,"column":null}},"4":{"start":{"line":24,"column":39},"end":{"line":24,"column":95}},"5":{"start":{"line":27,"column":24},"end":{"line":27,"column":56}},"6":{"start":{"line":30,"column":8},"end":{"line":56,"column":9}},"7":{"start":{"line":30,"column":21},"end":{"line":30,"column":22}},"8":{"start":{"line":31,"column":27},"end":{"line":31,"column":37}},"9":{"start":{"line":34,"column":27},"end":{"line":34,"column":69}},"10":{"start":{"line":37,"column":12},"end":{"line":55,"column":13}},"11":{"start":{"line":39,"column":35},"end":{"line":39,"column":60}},"12":{"start":{"line":42,"column":16},"end":{"line":54,"column":17}},"13":{"start":{"line":42,"column":29},"end":{"line":42,"column":30}},"14":{"start":{"line":44,"column":37},"end":{"line":44,"column":62}},"15":{"start":{"line":47,"column":20},"end":{"line":53,"column":21}},"16":{"start":{"line":49,"column":24},"end":{"line":49,"column":103}},"17":{"start":{"line":52,"column":24},"end":{"line":52,"column":94}},"18":{"start":{"line":59,"column":8},"end":{"line":59,"column":55}},"19":{"start":{"line":11,"column":0},"end":{"line":11,"column":16}}},"fnMap":{"0":{"name":"defineRoutes","decl":{"start":{"line":11,"column":16},"end":{"line":11,"column":28}},"loc":{"start":{"line":11,"column":69},"end":{"line":61,"column":1}}}},"branchMap":{"0":{"loc":{"start":{"line":37,"column":12},"end":{"line":55,"column":13}},"type":"if","locations":[{"start":{"line":37,"column":12},"end":{"line":55,"column":13}}]},"1":{"loc":{"start":{"line":47,"column":20},"end":{"line":53,"column":21}},"type":"if","locations":[{"start":{"line":47,"column":20},"end":{"line":53,"column":21}}]}},"s":{"0":1,"1":1,"2":9,"3":9,"4":9,"5":9,"6":9,"7":9,"8":34,"9":34,"10":34,"11":34,"12":34,"13":34,"14":52,"15":52,"16":52,"17":52,"18":9,"19":1},"f":{"0":1},"b":{"0":[34],"1":[52]}}
,"/home/erico/projets/sema/back-end/src/core/utiles/auth.ts": {"path":"/home/erico/projets/sema/back-end/src/core/utiles/auth.ts","statementMap":{"0":{"start":{"line":1,"column":0},"end":{"line":1,"column":31}},"1":{"start":{"line":4,"column":22},"end":{"line":18,"column":1}},"2":{"start":{"line":5,"column":20},"end":{"line":5,"column":48}},"3":{"start":{"line":6,"column":16},"end":{"line":8,"column":4}},"4":{"start":{"line":17,"column":1},"end":{"line":17,"column":null}},"5":{"start":{"line":27,"column":9},"end":{"line":27,"column":22}},"6":{"start":{"line":20,"column":19},"end":{"line":25,"column":1}},"7":{"start":{"line":21,"column":2},"end":{"line":24,"column":5}},"8":{"start":{"line":27,"column":24},"end":{"line":27,"column":34}}},"fnMap":{"0":{"name":"(anonymous_1)","decl":{"start":{"line":4,"column":22},"end":{"line":4,"column":23}},"loc":{"start":{"line":4,"column":56},"end":{"line":18,"column":1}}},"1":{"name":"(anonymous_2)","decl":{"start":{"line":20,"column":19},"end":{"line":20,"column":20}},"loc":{"start":{"line":20,"column":37},"end":{"line":25,"column":1}}}},"branchMap":{"0":{"loc":{"start":{"line":5,"column":20},"end":{"line":5,"column":48}},"type":"binary-expr","locations":[{"start":{"line":5,"column":20},"end":{"line":5,"column":42}},{"start":{"line":5,"column":46},"end":{"line":5,"column":48}}]}},"s":{"0":1,"1":1,"2":0,"3":0,"4":0,"5":1,"6":1,"7":0,"8":1},"f":{"0":0,"1":0},"b":{"0":[0,0]}}
,"/home/erico/projets/sema/back-end/src/core/utiles/multer-config.ts": {"path":"/home/erico/projets/sema/back-end/src/core/utiles/multer-config.ts","statementMap":{"0":{"start":{"line":1,"column":0},"end":{"line":1,"column":28}},"1":{"start":{"line":2,"column":0},"end":{"line":2,"column":24}},"2":{"start":{"line":4,"column":16},"end":{"line":12,"column":2}},"3":{"start":{"line":6,"column":4},"end":{"line":6,"column":25}},"4":{"start":{"line":9,"column":25},"end":{"line":9,"column":75}},"5":{"start":{"line":10,"column":4},"end":{"line":10,"column":84}},"6":{"start":{"line":14,"column":15},"end":{"line":14,"column":43}},"7":{"start":{"line":16,"column":0},"end":{"line":16,"column":22}}},"fnMap":{"0":{"name":"(anonymous_1)","decl":{"start":{"line":5,"column":15},"end":{"line":5,"column":16}},"loc":{"start":{"line":5,"column":33},"end":{"line":7,"column":3}}},"1":{"name":"(anonymous_2)","decl":{"start":{"line":8,"column":12},"end":{"line":8,"column":13}},"loc":{"start":{"line":8,"column":30},"end":{"line":11,"column":3}}}},"branchMap":{},"s":{"0":1,"1":1,"2":1,"3":0,"4":0,"5":0,"6":1,"7":1},"f":{"0":0,"1":0},"b":{}}
,"/home/erico/projets/sema/back-end/src/core/utiles/whatsapp-helper-method.ts": {"path":"/home/erico/projets/sema/back-end/src/core/utiles/whatsapp-helper-method.ts","statementMap":{"0":{"start":{"line":7,"column":58},"end":{"line":14,"column":10}},"1":{"start":{"line":15,"column":8},"end":{"line":15,"column":35}},"2":{"start":{"line":19,"column":8},"end":{"line":23,"column":56}},"3":{"start":{"line":31,"column":8},"end":{"line":38,"column":9}},"4":{"start":{"line":33,"column":16},"end":{"line":33,"column":null}},"5":{"start":{"line":34,"column":16},"end":{"line":34,"column":22}},"6":{"start":{"line":37,"column":16},"end":{"line":37,"column":22}},"7":{"start":{"line":46,"column":8},"end":{"line":61,"column":9}},"8":{"start":{"line":48,"column":16},"end":{"line":48,"column":null}},"9":{"start":{"line":50,"column":16},"end":{"line":50,"column":null}},"10":{"start":{"line":52,"column":16},"end":{"line":52,"column":null}},"11":{"start":{"line":54,"column":16},"end":{"line":54,"column":null}},"12":{"start":{"line":56,"column":16},"end":{"line":56,"column":null}},"13":{"start":{"line":58,"column":16},"end":{"line":58,"column":null}},"14":{"start":{"line":60,"column":16},"end":{"line":60,"column":null}},"15":{"start":{"line":69,"column":8},"end":{"line":76,"column":10}},"16":{"start":{"line":80,"column":8},"end":{"line":87,"column":10}},"17":{"start":{"line":91,"column":8},"end":{"line":112,"column":10}},"18":{"start":{"line":102,"column":24},"end":{"line":108,"column":26}},"19":{"start":{"line":116,"column":8},"end":{"line":135,"column":10}},"20":{"start":{"line":139,"column":8},"end":{"line":162,"column":10}},"21":{"start":{"line":166,"column":8},"end":{"line":189,"column":10}},"22":{"start":{"line":4,"column":0},"end":{"line":4,"column":13}}},"fnMap":{"0":{"name":"(anonymous_0)","decl":{"start":{"line":6,"column":4},"end":{"line":6,"column":10}},"loc":{"start":{"line":6,"column":42},"end":{"line":16,"column":5}}},"1":{"name":"(anonymous_1)","decl":{"start":{"line":18,"column":4},"end":{"line":18,"column":10}},"loc":{"start":{"line":18,"column":42},"end":{"line":24,"column":5}}},"2":{"name":"(anonymous_2)","decl":{"start":{"line":29,"column":4},"end":{"line":29,"column":10}},"loc":{"start":{"line":29,"column":92},"end":{"line":39,"column":5}}},"3":{"name":"(anonymous_3)","decl":{"start":{"line":45,"column":4},"end":{"line":45,"column":10}},"loc":{"start":{"line":45,"column":43},"end":{"line":62,"column":5}}},"4":{"name":"(anonymous_4)","decl":{"start":{"line":68,"column":4},"end":{"line":68,"column":10}},"loc":{"start":{"line":68,"column":35},"end":{"line":77,"column":5}}},"5":{"name":"(anonymous_5)","decl":{"start":{"line":79,"column":4},"end":{"line":79,"column":10}},"loc":{"start":{"line":79,"column":37},"end":{"line":88,"column":5}}},"6":{"name":"(anonymous_6)","decl":{"start":{"line":90,"column":4},"end":{"line":90,"column":10}},"loc":{"start":{"line":90,"column":41},"end":{"line":113,"column":5}}},"7":{"name":"(anonymous_7)","decl":{"start":{"line":101,"column":52},"end":{"line":101,"column":58}},"loc":{"start":{"line":101,"column":61},"end":{"line":109,"column":21}}},"8":{"name":"(anonymous_8)","decl":{"start":{"line":115,"column":4},"end":{"line":115,"column":10}},"loc":{"start":{"line":115,"column":35},"end":{"line":136,"column":5}}},"9":{"name":"(anonymous_9)","decl":{"start":{"line":138,"column":4},"end":{"line":138,"column":10}},"loc":{"start":{"line":138,"column":51},"end":{"line":163,"column":5}}},"10":{"name":"(anonymous_10)","decl":{"start":{"line":165,"column":4},"end":{"line":165,"column":10}},"loc":{"start":{"line":165,"column":41},"end":{"line":190,"column":5}}}},"branchMap":{"0":{"loc":{"start":{"line":19,"column":17},"end":{"line":23,"column":54}},"type":"binary-expr","locations":[{"start":{"line":19,"column":17},"end":{"line":19,"column":27}},{"start":{"line":20,"column":12},"end":{"line":20,"column":33}},{"start":{"line":21,"column":12},"end":{"line":21,"column":36}},{"start":{"line":22,"column":12},"end":{"line":22,"column":51}},{"start":{"line":23,"column":12},"end":{"line":23,"column":54}}]},"1":{"loc":{"start":{"line":31,"column":8},"end":{"line":38,"column":9}},"type":"switch","locations":[{"start":{"line":32,"column":12},"end":{"line":34,"column":22}},{"start":{"line":35,"column":12},"end":{"line":35,"column":26}},{"start":{"line":36,"column":12},"end":{"line":37,"column":22}}]},"2":{"loc":{"start":{"line":46,"column":8},"end":{"line":61,"column":9}},"type":"switch","locations":[{"start":{"line":47,"column":12},"end":{"line":48,"column":null}},{"start":{"line":49,"column":12},"end":{"line":50,"column":null}},{"start":{"line":51,"column":12},"end":{"line":52,"column":null}},{"start":{"line":53,"column":12},"end":{"line":54,"column":null}},{"start":{"line":55,"column":12},"end":{"line":56,"column":null}},{"start":{"line":57,"column":12},"end":{"line":58,"column":null}},{"start":{"line":59,"column":12},"end":{"line":60,"column":null}}]}},"s":{"0":0,"1":0,"2":0,"3":0,"4":0,"5":0,"6":0,"7":0,"8":0,"9":0,"10":0,"11":0,"12":0,"13":0,"14":0,"15":0,"16":0,"17":0,"18":0,"19":0,"20":0,"21":0,"22":1},"f":{"0":0,"1":0,"2":0,"3":0,"4":0,"5":0,"6":0,"7":0,"8":0,"9":0,"10":0},"b":{"0":[0,0,0,0,0],"1":[0,0,0],"2":[0,0,0,0,0,0,0]}}
,"/home/erico/projets/sema/back-end/src/modules/chat/chat.controller.ts": {"path":"/home/erico/projets/sema/back-end/src/modules/chat/chat.controller.ts","statementMap":{"0":{"start":{"line":2,"column":0},"end":{"line":2,"column":68}},"1":{"start":{"line":3,"column":0},"end":{"line":3,"column":62}},"2":{"start":{"line":4,"column":0},"end":{"line":4,"column":68}},"3":{"start":{"line":5,"column":0},"end":{"line":5,"column":66}},"4":{"start":{"line":6,"column":0},"end":{"line":6,"column":68}},"5":{"start":{"line":7,"column":0},"end":{"line":7,"column":68}},"6":{"start":{"line":8,"column":0},"end":{"line":8,"column":62}},"7":{"start":{"line":9,"column":0},"end":{"line":9,"column":52}},"8":{"start":{"line":10,"column":0},"end":{"line":10,"column":59}},"9":{"start":{"line":13,"column":0},"end":{"line":49,"column":null}},"10":{"start":{"line":17,"column":8},"end":{"line":17,"column":53}},"11":{"start":{"line":23,"column":8},"end":{"line":23,"column":50}},"12":{"start":{"line":28,"column":8},"end":{"line":28,"column":53}},"13":{"start":{"line":33,"column":8},"end":{"line":33,"column":52}},"14":{"start":{"line":38,"column":8},"end":{"line":38,"column":53}},"15":{"start":{"line":43,"column":8},"end":{"line":43,"column":60}},"16":{"start":{"line":16,"column":3},"end":{"line":18,"column":null}},"17":{"start":{"line":22,"column":4},"end":{"line":24,"column":null}},"18":{"start":{"line":27,"column":4},"end":{"line":29,"column":null}},"19":{"start":{"line":32,"column":4},"end":{"line":34,"column":null}},"20":{"start":{"line":37,"column":4},"end":{"line":39,"column":null}},"21":{"start":{"line":42,"column":4},"end":{"line":44,"column":null}},"22":{"start":{"line":13,"column":6},"end":{"line":49,"column":null}},"23":{"start":{"line":51,"column":0},"end":{"line":51,"column":30}}},"fnMap":{"0":{"name":"(anonymous_2)","decl":{"start":{"line":16,"column":3},"end":{"line":16,"column":9}},"loc":{"start":{"line":16,"column":57},"end":{"line":18,"column":5}}},"1":{"name":"(anonymous_3)","decl":{"start":{"line":22,"column":4},"end":{"line":22,"column":7}},"loc":{"start":{"line":22,"column":55},"end":{"line":24,"column":5}}},"2":{"name":"(anonymous_4)","decl":{"start":{"line":27,"column":4},"end":{"line":27,"column":10}},"loc":{"start":{"line":27,"column":58},"end":{"line":29,"column":5}}},"3":{"name":"(anonymous_5)","decl":{"start":{"line":32,"column":4},"end":{"line":32,"column":9}},"loc":{"start":{"line":32,"column":57},"end":{"line":34,"column":5}}},"4":{"name":"(anonymous_6)","decl":{"start":{"line":37,"column":4},"end":{"line":37,"column":10}},"loc":{"start":{"line":37,"column":58},"end":{"line":39,"column":5}}},"5":{"name":"(anonymous_7)","decl":{"start":{"line":42,"column":4},"end":{"line":42,"column":10}},"loc":{"start":{"line":42,"column":58},"end":{"line":44,"column":5}}}},"branchMap":{},"s":{"0":1,"1":1,"2":1,"3":1,"4":1,"5":1,"6":1,"7":1,"8":1,"9":1,"10":0,"11":0,"12":0,"13":0,"14":0,"15":0,"16":1,"17":1,"18":1,"19":1,"20":1,"21":1,"22":1,"23":1},"f":{"0":0,"1":0,"2":0,"3":0,"4":0,"5":0},"b":{}}
,"/home/erico/projets/sema/back-end/src/modules/conversation/conversation.controller.ts": {"path":"/home/erico/projets/sema/back-end/src/modules/conversation/conversation.controller.ts","statementMap":{"0":{"start":{"line":2,"column":0},"end":{"line":2,"column":68}},"1":{"start":{"line":3,"column":0},"end":{"line":3,"column":62}},"2":{"start":{"line":4,"column":0},"end":{"line":4,"column":68}},"3":{"start":{"line":5,"column":0},"end":{"line":5,"column":66}},"4":{"start":{"line":6,"column":0},"end":{"line":6,"column":68}},"5":{"start":{"line":7,"column":0},"end":{"line":7,"column":68}},"6":{"start":{"line":8,"column":0},"end":{"line":8,"column":62}},"7":{"start":{"line":9,"column":0},"end":{"line":9,"column":52}},"8":{"start":{"line":10,"column":0},"end":{"line":10,"column":71}},"9":{"start":{"line":13,"column":0},"end":{"line":49,"column":null}},"10":{"start":{"line":17,"column":8},"end":{"line":17,"column":53}},"11":{"start":{"line":23,"column":8},"end":{"line":23,"column":50}},"12":{"start":{"line":28,"column":8},"end":{"line":28,"column":53}},"13":{"start":{"line":33,"column":8},"end":{"line":33,"column":52}},"14":{"start":{"line":38,"column":8},"end":{"line":38,"column":53}},"15":{"start":{"line":43,"column":8},"end":{"line":43,"column":60}},"16":{"start":{"line":16,"column":3},"end":{"line":18,"column":null}},"17":{"start":{"line":22,"column":4},"end":{"line":24,"column":null}},"18":{"start":{"line":27,"column":4},"end":{"line":29,"column":null}},"19":{"start":{"line":32,"column":4},"end":{"line":34,"column":null}},"20":{"start":{"line":37,"column":4},"end":{"line":39,"column":null}},"21":{"start":{"line":42,"column":4},"end":{"line":44,"column":null}},"22":{"start":{"line":13,"column":6},"end":{"line":49,"column":null}},"23":{"start":{"line":51,"column":0},"end":{"line":51,"column":38}}},"fnMap":{"0":{"name":"(anonymous_2)","decl":{"start":{"line":16,"column":3},"end":{"line":16,"column":9}},"loc":{"start":{"line":16,"column":57},"end":{"line":18,"column":5}}},"1":{"name":"(anonymous_3)","decl":{"start":{"line":22,"column":4},"end":{"line":22,"column":7}},"loc":{"start":{"line":22,"column":55},"end":{"line":24,"column":5}}},"2":{"name":"(anonymous_4)","decl":{"start":{"line":27,"column":4},"end":{"line":27,"column":10}},"loc":{"start":{"line":27,"column":58},"end":{"line":29,"column":5}}},"3":{"name":"(anonymous_5)","decl":{"start":{"line":32,"column":4},"end":{"line":32,"column":9}},"loc":{"start":{"line":32,"column":57},"end":{"line":34,"column":5}}},"4":{"name":"(anonymous_6)","decl":{"start":{"line":37,"column":4},"end":{"line":37,"column":10}},"loc":{"start":{"line":37,"column":58},"end":{"line":39,"column":5}}},"5":{"name":"(anonymous_7)","decl":{"start":{"line":42,"column":4},"end":{"line":42,"column":10}},"loc":{"start":{"line":42,"column":58},"end":{"line":44,"column":5}}}},"branchMap":{},"s":{"0":1,"1":1,"2":1,"3":1,"4":1,"5":1,"6":1,"7":1,"8":1,"9":1,"10":0,"11":0,"12":0,"13":0,"14":0,"15":0,"16":1,"17":1,"18":1,"19":1,"20":1,"21":1,"22":1,"23":1},"f":{"0":0,"1":0,"2":0,"3":0,"4":0,"5":0},"b":{}}
,"/home/erico/projets/sema/back-end/src/modules/credential/credential.controller.ts": {"path":"/home/erico/projets/sema/back-end/src/modules/credential/credential.controller.ts","statementMap":{"0":{"start":{"line":2,"column":0},"end":{"line":2,"column":68}},"1":{"start":{"line":3,"column":0},"end":{"line":3,"column":72}},"2":{"start":{"line":4,"column":0},"end":{"line":4,"column":62}},"3":{"start":{"line":5,"column":0},"end":{"line":5,"column":68}},"4":{"start":{"line":6,"column":0},"end":{"line":6,"column":66}},"5":{"start":{"line":7,"column":0},"end":{"line":7,"column":68}},"6":{"start":{"line":8,"column":0},"end":{"line":8,"column":68}},"7":{"start":{"line":9,"column":0},"end":{"line":9,"column":62}},"8":{"start":{"line":10,"column":0},"end":{"line":10,"column":52}},"9":{"start":{"line":13,"column":0},"end":{"line":49,"column":null}},"10":{"start":{"line":17,"column":8},"end":{"line":17,"column":53}},"11":{"start":{"line":23,"column":8},"end":{"line":23,"column":50}},"12":{"start":{"line":28,"column":8},"end":{"line":28,"column":53}},"13":{"start":{"line":33,"column":8},"end":{"line":33,"column":52}},"14":{"start":{"line":38,"column":8},"end":{"line":38,"column":53}},"15":{"start":{"line":43,"column":8},"end":{"line":43,"column":60}},"16":{"start":{"line":16,"column":3},"end":{"line":18,"column":null}},"17":{"start":{"line":22,"column":4},"end":{"line":24,"column":null}},"18":{"start":{"line":27,"column":4},"end":{"line":29,"column":null}},"19":{"start":{"line":32,"column":4},"end":{"line":34,"column":null}},"20":{"start":{"line":37,"column":4},"end":{"line":39,"column":null}},"21":{"start":{"line":42,"column":4},"end":{"line":44,"column":null}},"22":{"start":{"line":13,"column":6},"end":{"line":49,"column":null}},"23":{"start":{"line":51,"column":0},"end":{"line":51,"column":36}}},"fnMap":{"0":{"name":"(anonymous_2)","decl":{"start":{"line":16,"column":3},"end":{"line":16,"column":9}},"loc":{"start":{"line":16,"column":57},"end":{"line":18,"column":5}}},"1":{"name":"(anonymous_3)","decl":{"start":{"line":22,"column":4},"end":{"line":22,"column":7}},"loc":{"start":{"line":22,"column":55},"end":{"line":24,"column":5}}},"2":{"name":"(anonymous_4)","decl":{"start":{"line":27,"column":4},"end":{"line":27,"column":10}},"loc":{"start":{"line":27,"column":58},"end":{"line":29,"column":5}}},"3":{"name":"(anonymous_5)","decl":{"start":{"line":32,"column":4},"end":{"line":32,"column":9}},"loc":{"start":{"line":32,"column":57},"end":{"line":34,"column":5}}},"4":{"name":"(anonymous_6)","decl":{"start":{"line":37,"column":4},"end":{"line":37,"column":10}},"loc":{"start":{"line":37,"column":58},"end":{"line":39,"column":5}}},"5":{"name":"(anonymous_7)","decl":{"start":{"line":42,"column":4},"end":{"line":42,"column":10}},"loc":{"start":{"line":42,"column":58},"end":{"line":44,"column":5}}}},"branchMap":{},"s":{"0":1,"1":1,"2":1,"3":1,"4":1,"5":1,"6":1,"7":1,"8":1,"9":1,"10":0,"11":0,"12":0,"13":0,"14":0,"15":0,"16":1,"17":1,"18":1,"19":1,"20":1,"21":1,"22":1,"23":1},"f":{"0":0,"1":0,"2":0,"3":0,"4":0,"5":0},"b":{}}
,"/home/erico/projets/sema/back-end/src/modules/credential/credential.repository.ts": {"path":"/home/erico/projets/sema/back-end/src/modules/credential/credential.repository.ts","statementMap":{"0":{"start":{"line":1,"column":0},"end":{"line":1,"column":72}},"1":{"start":{"line":6,"column":28},"end":{"line":6,"column":69}},"2":{"start":{"line":7,"column":8},"end":{"line":7,"column":27}},"3":{"start":{"line":11,"column":13},"end":{"line":11,"column":65}}},"fnMap":{"0":{"name":"(anonymous_8)","decl":{"start":{"line":5,"column":10},"end":{"line":5,"column":26}},"loc":{"start":{"line":5,"column":47},"end":{"line":8,"column":null}}}},"branchMap":{},"s":{"0":1,"1":0,"2":0,"3":1},"f":{"0":0},"b":{}}
,"/home/erico/projets/sema/back-end/src/modules/scenario/scenario.controller.ts": {"path":"/home/erico/projets/sema/back-end/src/modules/scenario/scenario.controller.ts","statementMap":{"0":{"start":{"line":2,"column":0},"end":{"line":2,"column":68}},"1":{"start":{"line":3,"column":0},"end":{"line":3,"column":62}},"2":{"start":{"line":4,"column":0},"end":{"line":4,"column":68}},"3":{"start":{"line":5,"column":0},"end":{"line":5,"column":66}},"4":{"start":{"line":6,"column":0},"end":{"line":6,"column":68}},"5":{"start":{"line":7,"column":0},"end":{"line":7,"column":68}},"6":{"start":{"line":8,"column":0},"end":{"line":8,"column":62}},"7":{"start":{"line":9,"column":0},"end":{"line":9,"column":52}},"8":{"start":{"line":10,"column":0},"end":{"line":10,"column":67}},"9":{"start":{"line":11,"column":0},"end":{"line":11,"column":81}},"10":{"start":{"line":14,"column":0},"end":{"line":56,"column":null}},"11":{"start":{"line":18,"column":8},"end":{"line":18,"column":53}},"12":{"start":{"line":24,"column":8},"end":{"line":24,"column":50}},"13":{"start":{"line":30,"column":8},"end":{"line":30,"column":50}},"14":{"start":{"line":35,"column":8},"end":{"line":35,"column":53}},"15":{"start":{"line":40,"column":8},"end":{"line":40,"column":52}},"16":{"start":{"line":45,"column":8},"end":{"line":45,"column":53}},"17":{"start":{"line":50,"column":8},"end":{"line":50,"column":60}},"18":{"start":{"line":17,"column":3},"end":{"line":19,"column":null}},"19":{"start":{"line":23,"column":4},"end":{"line":25,"column":null}},"20":{"start":{"line":29,"column":4},"end":{"line":31,"column":null}},"21":{"start":{"line":34,"column":4},"end":{"line":36,"column":null}},"22":{"start":{"line":39,"column":4},"end":{"line":41,"column":null}},"23":{"start":{"line":44,"column":4},"end":{"line":46,"column":null}},"24":{"start":{"line":49,"column":4},"end":{"line":51,"column":null}},"25":{"start":{"line":14,"column":6},"end":{"line":56,"column":null}},"26":{"start":{"line":58,"column":0},"end":{"line":58,"column":34}}},"fnMap":{"0":{"name":"(anonymous_2)","decl":{"start":{"line":17,"column":3},"end":{"line":17,"column":9}},"loc":{"start":{"line":17,"column":57},"end":{"line":19,"column":5}}},"1":{"name":"(anonymous_3)","decl":{"start":{"line":23,"column":4},"end":{"line":23,"column":7}},"loc":{"start":{"line":23,"column":55},"end":{"line":25,"column":5}}},"2":{"name":"(anonymous_4)","decl":{"start":{"line":29,"column":4},"end":{"line":29,"column":23}},"loc":{"start":{"line":29,"column":71},"end":{"line":31,"column":5}}},"3":{"name":"(anonymous_5)","decl":{"start":{"line":34,"column":4},"end":{"line":34,"column":10}},"loc":{"start":{"line":34,"column":58},"end":{"line":36,"column":5}}},"4":{"name":"(anonymous_6)","decl":{"start":{"line":39,"column":4},"end":{"line":39,"column":9}},"loc":{"start":{"line":39,"column":57},"end":{"line":41,"column":5}}},"5":{"name":"(anonymous_7)","decl":{"start":{"line":44,"column":4},"end":{"line":44,"column":10}},"loc":{"start":{"line":44,"column":58},"end":{"line":46,"column":5}}},"6":{"name":"(anonymous_8)","decl":{"start":{"line":49,"column":4},"end":{"line":49,"column":10}},"loc":{"start":{"line":49,"column":58},"end":{"line":51,"column":5}}}},"branchMap":{},"s":{"0":1,"1":1,"2":1,"3":1,"4":1,"5":1,"6":1,"7":1,"8":1,"9":1,"10":1,"11":0,"12":0,"13":0,"14":0,"15":0,"16":0,"17":0,"18":1,"19":1,"20":1,"21":1,"22":1,"23":1,"24":1,"25":1,"26":1},"f":{"0":0,"1":0,"2":0,"3":0,"4":0,"5":0,"6":0},"b":{}}
,"/home/erico/projets/sema/back-end/src/modules/scenario/scenario.repository.ts": {"path":"/home/erico/projets/sema/back-end/src/modules/scenario/scenario.repository.ts","statementMap":{"0":{"start":{"line":1,"column":0},"end":{"line":1,"column":72}},"1":{"start":{"line":2,"column":0},"end":{"line":2,"column":77}},"2":{"start":{"line":3,"column":0},"end":{"line":3,"column":67}},"3":{"start":{"line":8,"column":8},"end":{"line":26,"column":9}},"4":{"start":{"line":10,"column":31},"end":{"line":10,"column":92}},"5":{"start":{"line":12,"column":12},"end":{"line":14,"column":13}},"6":{"start":{"line":13,"column":16},"end":{"line":13,"column":56}},"7":{"start":{"line":17,"column":29},"end":{"line":20,"column":14}},"8":{"start":{"line":22,"column":12},"end":{"line":22,"column":28}},"9":{"start":{"line":24,"column":12},"end":{"line":24,"column":60}},"10":{"start":{"line":25,"column":12},"end":{"line":25,"column":24}},"11":{"start":{"line":30,"column":8},"end":{"line":50,"column":9}},"12":{"start":{"line":32,"column":29},"end":{"line":32,"column":71}},"13":{"start":{"line":34,"column":12},"end":{"line":36,"column":13}},"14":{"start":{"line":35,"column":16},"end":{"line":35,"column":54}},"15":{"start":{"line":39,"column":12},"end":{"line":44,"column":13}},"16":{"start":{"line":40,"column":37},"end":{"line":40,"column":80}},"17":{"start":{"line":41,"column":16},"end":{"line":43,"column":17}},"18":{"start":{"line":42,"column":20},"end":{"line":42,"column":40}},"19":{"start":{"line":46,"column":12},"end":{"line":46,"column":24}},"20":{"start":{"line":48,"column":12},"end":{"line":48,"column":84}},"21":{"start":{"line":49,"column":12},"end":{"line":49,"column":24}},"22":{"start":{"line":55,"column":13},"end":{"line":55,"column":59}}},"fnMap":{"0":{"name":"(anonymous_8)","decl":{"start":{"line":7,"column":10},"end":{"line":7,"column":47}},"loc":{"start":{"line":7,"column":86},"end":{"line":27,"column":null}}},"1":{"name":"(anonymous_10)","decl":{"start":{"line":29,"column":10},"end":{"line":29,"column":42}},"loc":{"start":{"line":29,"column":61},"end":{"line":51,"column":null}}}},"branchMap":{"0":{"loc":{"start":{"line":12,"column":12},"end":{"line":14,"column":13}},"type":"if","locations":[{"start":{"line":12,"column":12},"end":{"line":14,"column":13}}]},"1":{"loc":{"start":{"line":34,"column":12},"end":{"line":36,"column":13}},"type":"if","locations":[{"start":{"line":34,"column":12},"end":{"line":36,"column":13}}]},"2":{"loc":{"start":{"line":41,"column":16},"end":{"line":43,"column":17}},"type":"if","locations":[{"start":{"line":41,"column":16},"end":{"line":43,"column":17}}]},"3":{"loc":{"start":{"line":41,"column":20},"end":{"line":41,"column":70}},"type":"binary-expr","locations":[{"start":{"line":41,"column":20},"end":{"line":41,"column":32}},{"start":{"line":41,"column":36},"end":{"line":41,"column":70}}]},"4":{"loc":{"start":{"line":41,"column":36},"end":{"line":41,"column":64}},"type":"cond-expr","locations":[{"start":{"line":41,"column":56},"end":{"line":41,"column":58}},{"start":{"line":41,"column":56},"end":{"line":41,"column":64}}]},"5":{"loc":{"start":{"line":41,"column":36},"end":{"line":41,"column":58}},"type":"binary-expr","locations":[{"start":{"line":41,"column":36},"end":{"line":41,"column":58}},{"start":{"line":41,"column":56},"end":{"line":41,"column":58}}]}},"s":{"0":1,"1":1,"2":1,"3":0,"4":0,"5":0,"6":0,"7":0,"8":0,"9":0,"10":0,"11":0,"12":0,"13":0,"14":0,"15":0,"16":0,"17":0,"18":0,"19":0,"20":0,"21":0,"22":1},"f":{"0":0,"1":0},"b":{"0":[0],"1":[0],"2":[0],"3":[0,0],"4":[0,0],"5":[0,0]}}
,"/home/erico/projets/sema/back-end/src/modules/scenario-item/scenario-item.controller.ts": {"path":"/home/erico/projets/sema/back-end/src/modules/scenario-item/scenario-item.controller.ts","statementMap":{"0":{"start":{"line":2,"column":0},"end":{"line":2,"column":68}},"1":{"start":{"line":3,"column":0},"end":{"line":3,"column":62}},"2":{"start":{"line":4,"column":0},"end":{"line":4,"column":68}},"3":{"start":{"line":5,"column":0},"end":{"line":5,"column":66}},"4":{"start":{"line":6,"column":0},"end":{"line":6,"column":68}},"5":{"start":{"line":7,"column":0},"end":{"line":7,"column":68}},"6":{"start":{"line":8,"column":0},"end":{"line":8,"column":62}},"7":{"start":{"line":9,"column":0},"end":{"line":9,"column":52}},"8":{"start":{"line":10,"column":0},"end":{"line":10,"column":77}},"9":{"start":{"line":11,"column":0},"end":{"line":11,"column":53}},"10":{"start":{"line":12,"column":0},"end":{"line":12,"column":76}},"11":{"start":{"line":15,"column":0},"end":{"line":53,"column":null}},"12":{"start":{"line":19,"column":8},"end":{"line":19,"column":53}},"13":{"start":{"line":25,"column":8},"end":{"line":25,"column":50}},"14":{"start":{"line":30,"column":8},"end":{"line":30,"column":53}},"15":{"start":{"line":35,"column":8},"end":{"line":35,"column":52}},"16":{"start":{"line":41,"column":8},"end":{"line":41,"column":60}},"17":{"start":{"line":46,"column":8},"end":{"line":46,"column":53}},"18":{"start":{"line":51,"column":8},"end":{"line":51,"column":60}},"19":{"start":{"line":18,"column":3},"end":{"line":20,"column":null}},"20":{"start":{"line":24,"column":4},"end":{"line":26,"column":null}},"21":{"start":{"line":29,"column":4},"end":{"line":31,"column":null}},"22":{"start":{"line":34,"column":4},"end":{"line":36,"column":null}},"23":{"start":{"line":40,"column":4},"end":{"line":42,"column":null}},"24":{"start":{"line":45,"column":4},"end":{"line":47,"column":null}},"25":{"start":{"line":50,"column":4},"end":{"line":52,"column":null}},"26":{"start":{"line":15,"column":6},"end":{"line":53,"column":null}},"27":{"start":{"line":55,"column":0},"end":{"line":55,"column":38}}},"fnMap":{"0":{"name":"(anonymous_2)","decl":{"start":{"line":18,"column":3},"end":{"line":18,"column":9}},"loc":{"start":{"line":18,"column":57},"end":{"line":20,"column":5}}},"1":{"name":"(anonymous_3)","decl":{"start":{"line":24,"column":4},"end":{"line":24,"column":7}},"loc":{"start":{"line":24,"column":55},"end":{"line":26,"column":5}}},"2":{"name":"(anonymous_4)","decl":{"start":{"line":29,"column":4},"end":{"line":29,"column":10}},"loc":{"start":{"line":29,"column":58},"end":{"line":31,"column":5}}},"3":{"name":"(anonymous_5)","decl":{"start":{"line":34,"column":4},"end":{"line":34,"column":9}},"loc":{"start":{"line":34,"column":57},"end":{"line":36,"column":5}}},"4":{"name":"(anonymous_6)","decl":{"start":{"line":40,"column":4},"end":{"line":40,"column":14}},"loc":{"start":{"line":40,"column":62},"end":{"line":42,"column":5}}},"5":{"name":"(anonymous_7)","decl":{"start":{"line":45,"column":4},"end":{"line":45,"column":10}},"loc":{"start":{"line":45,"column":58},"end":{"line":47,"column":5}}},"6":{"name":"(anonymous_8)","decl":{"start":{"line":50,"column":4},"end":{"line":50,"column":10}},"loc":{"start":{"line":50,"column":58},"end":{"line":52,"column":5}}}},"branchMap":{},"s":{"0":1,"1":1,"2":1,"3":1,"4":1,"5":1,"6":1,"7":1,"8":1,"9":1,"10":1,"11":1,"12":0,"13":0,"14":0,"15":0,"16":0,"17":0,"18":0,"19":1,"20":1,"21":1,"22":1,"23":1,"24":1,"25":1,"26":1,"27":1},"f":{"0":0,"1":0,"2":0,"3":0,"4":0,"5":0,"6":0},"b":{}}
,"/home/erico/projets/sema/back-end/src/modules/session/session.repository.ts": {"path":"/home/erico/projets/sema/back-end/src/modules/session/session.repository.ts","statementMap":{"0":{"start":{"line":1,"column":0},"end":{"line":1,"column":72}},"1":{"start":{"line":2,"column":0},"end":{"line":2,"column":65}},"2":{"start":{"line":7,"column":8},"end":{"line":24,"column":9}},"3":{"start":{"line":9,"column":31},"end":{"line":9,"column":92}},"4":{"start":{"line":11,"column":12},"end":{"line":13,"column":13}},"5":{"start":{"line":12,"column":16},"end":{"line":12,"column":56}},"6":{"start":{"line":15,"column":28},"end":{"line":18,"column":45}},"7":{"start":{"line":20,"column":12},"end":{"line":20,"column":27}},"8":{"start":{"line":22,"column":12},"end":{"line":22,"column":85}},"9":{"start":{"line":23,"column":12},"end":{"line":23,"column":24}},"10":{"start":{"line":28,"column":13},"end":{"line":28,"column":57}}},"fnMap":{"0":{"name":"(anonymous_8)","decl":{"start":{"line":6,"column":10},"end":{"line":6,"column":36}},"loc":{"start":{"line":6,"column":58},"end":{"line":25,"column":null}}}},"branchMap":{"0":{"loc":{"start":{"line":11,"column":12},"end":{"line":13,"column":13}},"type":"if","locations":[{"start":{"line":11,"column":12},"end":{"line":13,"column":13}}]}},"s":{"0":1,"1":1,"2":0,"3":0,"4":0,"5":0,"6":0,"7":0,"8":0,"9":0,"10":1},"f":{"0":0},"b":{"0":[0]}}
,"/home/erico/projets/sema/back-end/src/modules/template-scenario/template-scenario.contoller.ts": {"path":"/home/erico/projets/sema/back-end/src/modules/template-scenario/template-scenario.contoller.ts","statementMap":{"0":{"start":{"line":2,"column":0},"end":{"line":2,"column":68}},"1":{"start":{"line":3,"column":0},"end":{"line":3,"column":62}},"2":{"start":{"line":4,"column":0},"end":{"line":4,"column":68}},"3":{"start":{"line":5,"column":0},"end":{"line":5,"column":66}},"4":{"start":{"line":6,"column":0},"end":{"line":6,"column":68}},"5":{"start":{"line":7,"column":0},"end":{"line":7,"column":68}},"6":{"start":{"line":8,"column":0},"end":{"line":8,"column":62}},"7":{"start":{"line":9,"column":0},"end":{"line":9,"column":52}},"8":{"start":{"line":10,"column":0},"end":{"line":10,"column":85}},"9":{"start":{"line":13,"column":0},"end":{"line":49,"column":null}},"10":{"start":{"line":17,"column":8},"end":{"line":17,"column":53}},"11":{"start":{"line":23,"column":8},"end":{"line":23,"column":50}},"12":{"start":{"line":28,"column":8},"end":{"line":28,"column":53}},"13":{"start":{"line":33,"column":8},"end":{"line":33,"column":52}},"14":{"start":{"line":38,"column":8},"end":{"line":38,"column":53}},"15":{"start":{"line":43,"column":8},"end":{"line":43,"column":60}},"16":{"start":{"line":16,"column":3},"end":{"line":18,"column":null}},"17":{"start":{"line":22,"column":4},"end":{"line":24,"column":null}},"18":{"start":{"line":27,"column":4},"end":{"line":29,"column":null}},"19":{"start":{"line":32,"column":4},"end":{"line":34,"column":null}},"20":{"start":{"line":37,"column":4},"end":{"line":39,"column":null}},"21":{"start":{"line":42,"column":4},"end":{"line":44,"column":null}},"22":{"start":{"line":13,"column":6},"end":{"line":49,"column":null}},"23":{"start":{"line":51,"column":0},"end":{"line":51,"column":43}}},"fnMap":{"0":{"name":"(anonymous_2)","decl":{"start":{"line":16,"column":3},"end":{"line":16,"column":9}},"loc":{"start":{"line":16,"column":57},"end":{"line":18,"column":5}}},"1":{"name":"(anonymous_3)","decl":{"start":{"line":22,"column":4},"end":{"line":22,"column":7}},"loc":{"start":{"line":22,"column":55},"end":{"line":24,"column":5}}},"2":{"name":"(anonymous_4)","decl":{"start":{"line":27,"column":4},"end":{"line":27,"column":10}},"loc":{"start":{"line":27,"column":58},"end":{"line":29,"column":5}}},"3":{"name":"(anonymous_5)","decl":{"start":{"line":32,"column":4},"end":{"line":32,"column":9}},"loc":{"start":{"line":32,"column":57},"end":{"line":34,"column":5}}},"4":{"name":"(anonymous_6)","decl":{"start":{"line":37,"column":4},"end":{"line":37,"column":10}},"loc":{"start":{"line":37,"column":58},"end":{"line":39,"column":5}}},"5":{"name":"(anonymous_7)","decl":{"start":{"line":42,"column":4},"end":{"line":42,"column":10}},"loc":{"start":{"line":42,"column":58},"end":{"line":44,"column":5}}}},"branchMap":{},"s":{"0":1,"1":1,"2":1,"3":1,"4":1,"5":1,"6":1,"7":1,"8":1,"9":1,"10":0,"11":0,"12":0,"13":0,"14":0,"15":0,"16":1,"17":1,"18":1,"19":1,"20":1,"21":1,"22":1,"23":1},"f":{"0":0,"1":0,"2":0,"3":0,"4":0,"5":0},"b":{}}
,"/home/erico/projets/sema/back-end/src/modules/user/user.controller.ts": {"path":"/home/erico/projets/sema/back-end/src/modules/user/user.controller.ts","statementMap":{"0":{"start":{"line":2,"column":0},"end":{"line":2,"column":68}},"1":{"start":{"line":3,"column":0},"end":{"line":3,"column":62}},"2":{"start":{"line":4,"column":0},"end":{"line":4,"column":68}},"3":{"start":{"line":5,"column":0},"end":{"line":5,"column":66}},"4":{"start":{"line":6,"column":0},"end":{"line":6,"column":68}},"5":{"start":{"line":7,"column":0},"end":{"line":7,"column":68}},"6":{"start":{"line":8,"column":0},"end":{"line":8,"column":62}},"7":{"start":{"line":9,"column":0},"end":{"line":9,"column":52}},"8":{"start":{"line":10,"column":0},"end":{"line":10,"column":59}},"9":{"start":{"line":13,"column":0},"end":{"line":45,"column":null}},"10":{"start":{"line":17,"column":8},"end":{"line":17,"column":53}},"11":{"start":{"line":23,"column":8},"end":{"line":23,"column":50}},"12":{"start":{"line":28,"column":8},"end":{"line":28,"column":53}},"13":{"start":{"line":33,"column":8},"end":{"line":33,"column":52}},"14":{"start":{"line":38,"column":8},"end":{"line":38,"column":53}},"15":{"start":{"line":43,"column":8},"end":{"line":43,"column":60}},"16":{"start":{"line":16,"column":3},"end":{"line":18,"column":null}},"17":{"start":{"line":22,"column":4},"end":{"line":24,"column":null}},"18":{"start":{"line":27,"column":4},"end":{"line":29,"column":null}},"19":{"start":{"line":32,"column":4},"end":{"line":34,"column":null}},"20":{"start":{"line":37,"column":4},"end":{"line":39,"column":null}},"21":{"start":{"line":42,"column":4},"end":{"line":44,"column":null}},"22":{"start":{"line":13,"column":6},"end":{"line":45,"column":null}},"23":{"start":{"line":47,"column":0},"end":{"line":47,"column":30}}},"fnMap":{"0":{"name":"(anonymous_2)","decl":{"start":{"line":16,"column":3},"end":{"line":16,"column":9}},"loc":{"start":{"line":16,"column":57},"end":{"line":18,"column":5}}},"1":{"name":"(anonymous_3)","decl":{"start":{"line":22,"column":4},"end":{"line":22,"column":7}},"loc":{"start":{"line":22,"column":55},"end":{"line":24,"column":5}}},"2":{"name":"(anonymous_4)","decl":{"start":{"line":27,"column":4},"end":{"line":27,"column":10}},"loc":{"start":{"line":27,"column":58},"end":{"line":29,"column":5}}},"3":{"name":"(anonymous_5)","decl":{"start":{"line":32,"column":4},"end":{"line":32,"column":9}},"loc":{"start":{"line":32,"column":57},"end":{"line":34,"column":5}}},"4":{"name":"(anonymous_6)","decl":{"start":{"line":37,"column":4},"end":{"line":37,"column":10}},"loc":{"start":{"line":37,"column":58},"end":{"line":39,"column":5}}},"5":{"name":"(anonymous_7)","decl":{"start":{"line":42,"column":4},"end":{"line":42,"column":10}},"loc":{"start":{"line":42,"column":58},"end":{"line":44,"column":5}}}},"branchMap":{},"s":{"0":1,"1":1,"2":1,"3":1,"4":1,"5":1,"6":1,"7":1,"8":1,"9":1,"10":0,"11":0,"12":0,"13":0,"14":0,"15":0,"16":1,"17":1,"18":1,"19":1,"20":1,"21":1,"22":1,"23":1},"f":{"0":0,"1":0,"2":0,"3":0,"4":0,"5":0},"b":{}}
,"/home/erico/projets/sema/back-end/src/modules/usersema/usersema.controller.ts": {"path":"/home/erico/projets/sema/back-end/src/modules/usersema/usersema.controller.ts","statementMap":{"0":{"start":{"line":2,"column":0},"end":{"line":2,"column":68}},"1":{"start":{"line":3,"column":0},"end":{"line":3,"column":62}},"2":{"start":{"line":6,"column":0},"end":{"line":6,"column":68}},"3":{"start":{"line":7,"column":0},"end":{"line":7,"column":68}},"4":{"start":{"line":8,"column":0},"end":{"line":8,"column":62}},"5":{"start":{"line":9,"column":0},"end":{"line":9,"column":52}},"6":{"start":{"line":10,"column":0},"end":{"line":10,"column":67}},"7":{"start":{"line":11,"column":0},"end":{"line":11,"column":76}},"8":{"start":{"line":12,"column":0},"end":{"line":12,"column":68}},"9":{"start":{"line":15,"column":0},"end":{"line":47,"column":null}},"10":{"start":{"line":19,"column":8},"end":{"line":19,"column":53}},"11":{"start":{"line":25,"column":8},"end":{"line":25,"column":50}},"12":{"start":{"line":30,"column":8},"end":{"line":30,"column":53}},"13":{"start":{"line":35,"column":8},"end":{"line":35,"column":54}},"14":{"start":{"line":40,"column":8},"end":{"line":40,"column":53}},"15":{"start":{"line":45,"column":8},"end":{"line":45,"column":60}},"16":{"start":{"line":18,"column":3},"end":{"line":20,"column":null}},"17":{"start":{"line":24,"column":4},"end":{"line":26,"column":null}},"18":{"start":{"line":29,"column":4},"end":{"line":31,"column":null}},"19":{"start":{"line":34,"column":4},"end":{"line":36,"column":null}},"20":{"start":{"line":39,"column":4},"end":{"line":41,"column":null}},"21":{"start":{"line":44,"column":4},"end":{"line":46,"column":null}},"22":{"start":{"line":15,"column":6},"end":{"line":47,"column":null}},"23":{"start":{"line":49,"column":0},"end":{"line":49,"column":34}}},"fnMap":{"0":{"name":"(anonymous_2)","decl":{"start":{"line":18,"column":3},"end":{"line":18,"column":9}},"loc":{"start":{"line":18,"column":57},"end":{"line":20,"column":5}}},"1":{"name":"(anonymous_3)","decl":{"start":{"line":24,"column":4},"end":{"line":24,"column":7}},"loc":{"start":{"line":24,"column":55},"end":{"line":26,"column":5}}},"2":{"name":"(anonymous_4)","decl":{"start":{"line":29,"column":4},"end":{"line":29,"column":10}},"loc":{"start":{"line":29,"column":58},"end":{"line":31,"column":5}}},"3":{"name":"(anonymous_5)","decl":{"start":{"line":34,"column":4},"end":{"line":34,"column":9}},"loc":{"start":{"line":34,"column":57},"end":{"line":36,"column":5}}},"4":{"name":"(anonymous_6)","decl":{"start":{"line":39,"column":4},"end":{"line":39,"column":10}},"loc":{"start":{"line":39,"column":58},"end":{"line":41,"column":5}}},"5":{"name":"(anonymous_7)","decl":{"start":{"line":44,"column":4},"end":{"line":44,"column":10}},"loc":{"start":{"line":44,"column":58},"end":{"line":46,"column":5}}}},"branchMap":{},"s":{"0":1,"1":1,"2":1,"3":1,"4":1,"5":1,"6":1,"7":1,"8":1,"9":1,"10":0,"11":0,"12":0,"13":0,"14":0,"15":0,"16":1,"17":1,"18":1,"19":1,"20":1,"21":1,"22":1,"23":1},"f":{"0":0,"1":0,"2":0,"3":0,"4":0,"5":0},"b":{}}
,"/home/erico/projets/sema/back-end/src/modules/webhook/webhook.controller.ts": {"path":"/home/erico/projets/sema/back-end/src/modules/webhook/webhook.controller.ts","statementMap":{"0":{"start":{"line":2,"column":0},"end":{"line":2,"column":62}},"1":{"start":{"line":3,"column":0},"end":{"line":3,"column":52}},"2":{"start":{"line":4,"column":0},"end":{"line":4,"column":51}},"3":{"start":{"line":6,"column":0},"end":{"line":6,"column":81}},"4":{"start":{"line":9,"column":0},"end":{"line":50,"column":null}},"5":{"start":{"line":12,"column":8},"end":{"line":29,"column":9}},"6":{"start":{"line":13,"column":32},"end":{"line":13,"column":41}},"7":{"start":{"line":14,"column":12},"end":{"line":14,"column":47}},"8":{"start":{"line":16,"column":25},"end":{"line":16,"column":58}},"9":{"start":{"line":17,"column":33},"end":{"line":17,"column":74}},"10":{"start":{"line":18,"column":30},"end":{"line":18,"column":68}},"11":{"start":{"line":20,"column":27},"end":{"line":20,"column":90}},"12":{"start":{"line":22,"column":12},"end":{"line":26,"column":13}},"13":{"start":{"line":23,"column":16},"end":{"line":23,"column":70}},"14":{"start":{"line":25,"column":16},"end":{"line":25,"column":56}},"15":{"start":{"line":28,"column":12},"end":{"line":28,"column":24}},"16":{"start":{"line":34,"column":8},"end":{"line":48,"column":9}},"17":{"start":{"line":36,"column":12},"end":{"line":38,"column":13}},"18":{"start":{"line":37,"column":16},"end":{"line":37,"column":48}},"19":{"start":{"line":41,"column":62},"end":{"line":41,"column":115}},"20":{"start":{"line":44,"column":27},"end":{"line":44,"column":89}},"21":{"start":{"line":47,"column":12},"end":{"line":47,"column":null}},"22":{"start":{"line":11,"column":10},"end":{"line":30,"column":null}},"23":{"start":{"line":33,"column":10},"end":{"line":49,"column":null}},"24":{"start":{"line":9,"column":6},"end":{"line":50,"column":null}},"25":{"start":{"line":52,"column":0},"end":{"line":52,"column":33}}},"fnMap":{"0":{"name":"(anonymous_8)","decl":{"start":{"line":11,"column":10},"end":{"line":11,"column":21}},"loc":{"start":{"line":11,"column":69},"end":{"line":30,"column":null}}},"1":{"name":"(anonymous_10)","decl":{"start":{"line":33,"column":10},"end":{"line":33,"column":17}},"loc":{"start":{"line":33,"column":65},"end":{"line":49,"column":null}}}},"branchMap":{"0":{"loc":{"start":{"line":22,"column":12},"end":{"line":26,"column":13}},"type":"if","locations":[{"start":{"line":22,"column":12},"end":{"line":26,"column":13}},{"start":{"line":24,"column":19},"end":{"line":26,"column":13}}]},"1":{"loc":{"start":{"line":36,"column":12},"end":{"line":38,"column":13}},"type":"if","locations":[{"start":{"line":36,"column":12},"end":{"line":38,"column":13}}]}},"s":{"0":1,"1":1,"2":1,"3":1,"4":1,"5":0,"6":0,"7":0,"8":0,"9":0,"10":0,"11":0,"12":0,"13":0,"14":0,"15":0,"16":0,"17":0,"18":0,"19":0,"20":0,"21":0,"22":1,"23":1,"24":1,"25":1},"f":{"0":0,"1":0},"b":{"0":[0,0],"1":[0]}}
,"/home/erico/projets/sema/back-end/src/modules/webhook/webhook.service.ts": {"path":"/home/erico/projets/sema/back-end/src/modules/webhook/webhook.service.ts","statementMap":{"0":{"start":{"line":2,"column":0},"end":{"line":2,"column":68}},"1":{"start":{"line":3,"column":0},"end":{"line":3,"column":69}},"2":{"start":{"line":6,"column":0},"end":{"line":6,"column":81}},"3":{"start":{"line":7,"column":0},"end":{"line":7,"column":76}},"4":{"start":{"line":8,"column":0},"end":{"line":8,"column":69}},"5":{"start":{"line":9,"column":0},"end":{"line":9,"column":66}},"6":{"start":{"line":13,"column":28},"end":{"line":13,"column":85}},"7":{"start":{"line":15,"column":8},"end":{"line":22,"column":9}},"8":{"start":{"line":16,"column":12},"end":{"line":21,"column":13}},"9":{"start":{"line":17,"column":16},"end":{"line":17,"column":48}},"10":{"start":{"line":18,"column":16},"end":{"line":18,"column":59}},"11":{"start":{"line":20,"column":16},"end":{"line":20,"column":39}},"12":{"start":{"line":23,"column":8},"end":{"line":23,"column":31}},"13":{"start":{"line":27,"column":8},"end":{"line":42,"column":9}},"14":{"start":{"line":29,"column":16},"end":{"line":29,"column":null}},"15":{"start":{"line":30,"column":16},"end":{"line":30,"column":22}},"16":{"start":{"line":32,"column":16},"end":{"line":32,"column":null}},"17":{"start":{"line":33,"column":16},"end":{"line":33,"column":22}},"18":{"start":{"line":35,"column":16},"end":{"line":35,"column":null}},"19":{"start":{"line":36,"column":16},"end":{"line":36,"column":22}},"20":{"start":{"line":38,"column":16},"end":{"line":38,"column":null}},"21":{"start":{"line":39,"column":16},"end":{"line":39,"column":22}},"22":{"start":{"line":41,"column":16},"end":{"line":41,"column":22}},"23":{"start":{"line":47,"column":24},"end":{"line":47,"column":111}},"24":{"start":{"line":49,"column":8},"end":{"line":55,"column":9}},"25":{"start":{"line":50,"column":12},"end":{"line":50,"column":159}},"26":{"start":{"line":51,"column":12},"end":{"line":53,"column":13}},"27":{"start":{"line":52,"column":16},"end":{"line":52,"column":null}},"28":{"start":{"line":54,"column":33},"end":{"line":54,"column":103}},"29":{"start":{"line":79,"column":13},"end":{"line":79,"column":51}}},"fnMap":{"0":{"name":"(anonymous_7)","decl":{"start":{"line":12,"column":10},"end":{"line":12,"column":21}},"loc":{"start":{"line":12,"column":74},"end":{"line":24,"column":null}}},"1":{"name":"(anonymous_9)","decl":{"start":{"line":26,"column":10},"end":{"line":26,"column":30}},"loc":{"start":{"line":26,"column":72},"end":{"line":43,"column":null}}},"2":{"name":"(anonymous_11)","decl":{"start":{"line":45,"column":10},"end":{"line":45,"column":27}},"loc":{"start":{"line":45,"column":69},"end":{"line":56,"column":null}}},"3":{"name":"(anonymous_13)","decl":{"start":{"line":58,"column":4},"end":{"line":58,"column":28}},"loc":{"start":{"line":58,"column":28},"end":{"line":60,"column":5}}},"4":{"name":"(anonymous_14)","decl":{"start":{"line":62,"column":4},"end":{"line":62,"column":22}},"loc":{"start":{"line":62,"column":22},"end":{"line":64,"column":5}}},"5":{"name":"(anonymous_15)","decl":{"start":{"line":66,"column":4},"end":{"line":66,"column":23}},"loc":{"start":{"line":66,"column":23},"end":{"line":68,"column":5}}},"6":{"name":"(anonymous_16)","decl":{"start":{"line":69,"column":4},"end":{"line":69,"column":21}},"loc":{"start":{"line":69,"column":21},"end":{"line":71,"column":5}}},"7":{"name":"(anonymous_17)","decl":{"start":{"line":73,"column":4},"end":{"line":73,"column":31}},"loc":{"start":{"line":73,"column":31},"end":{"line":75,"column":5}}}},"branchMap":{"0":{"loc":{"start":{"line":15,"column":8},"end":{"line":22,"column":9}},"type":"if","locations":[{"start":{"line":15,"column":8},"end":{"line":22,"column":9}}]},"1":{"loc":{"start":{"line":15,"column":12},"end":{"line":15,"column":46}},"type":"binary-expr","locations":[{"start":{"line":15,"column":12},"end":{"line":15,"column":16}},{"start":{"line":15,"column":20},"end":{"line":15,"column":31}},{"start":{"line":15,"column":35},"end":{"line":15,"column":46}}]},"2":{"loc":{"start":{"line":16,"column":12},"end":{"line":21,"column":13}},"type":"if","locations":[{"start":{"line":16,"column":12},"end":{"line":21,"column":13}},{"start":{"line":19,"column":19},"end":{"line":21,"column":13}}]},"3":{"loc":{"start":{"line":16,"column":16},"end":{"line":16,"column":80}},"type":"binary-expr","locations":[{"start":{"line":16,"column":16},"end":{"line":16,"column":36}},{"start":{"line":16,"column":40},"end":{"line":16,"column":80}}]},"4":{"loc":{"start":{"line":27,"column":8},"end":{"line":42,"column":9}},"type":"switch","locations":[{"start":{"line":28,"column":12},"end":{"line":30,"column":22}},{"start":{"line":31,"column":12},"end":{"line":33,"column":22}},{"start":{"line":34,"column":12},"end":{"line":36,"column":22}},{"start":{"line":37,"column":12},"end":{"line":39,"column":22}},{"start":{"line":40,"column":12},"end":{"line":41,"column":22}}]},"5":{"loc":{"start":{"line":49,"column":8},"end":{"line":55,"column":9}},"type":"if","locations":[{"start":{"line":49,"column":8},"end":{"line":55,"column":9}}]},"6":{"loc":{"start":{"line":51,"column":12},"end":{"line":53,"column":13}},"type":"if","locations":[{"start":{"line":51,"column":12},"end":{"line":53,"column":13}}]}},"s":{"0":1,"1":1,"2":1,"3":1,"4":1,"5":1,"6":0,"7":0,"8":0,"9":0,"10":0,"11":0,"12":0,"13":0,"14":0,"15":0,"16":0,"17":0,"18":0,"19":0,"20":0,"21":0,"22":0,"23":0,"24":0,"25":0,"26":0,"27":0,"28":0,"29":1},"f":{"0":0,"1":0,"2":0,"3":0,"4":0,"5":0,"6":0,"7":0},"b":{"0":[0],"1":[0,0,0],"2":[0,0],"3":[0,0],"4":[0,0,0,0,0],"5":[0],"6":[0]}}
}
