TN:
SF:src/index.ts
FN:55,(anonymous_1)
FN:72,(anonymous_2)
FN:75,(anonymous_3)
FNF:3
FNH:2
FNDA:0,(anonymous_1)
FNDA:1,(anonymous_2)
FNDA:1,(anonymous_3)
DA:1,1
DA:2,1
DA:3,1
DA:4,1
DA:5,1
DA:6,1
DA:7,1
DA:8,1
DA:9,1
DA:10,1
DA:12,1
DA:13,1
DA:14,1
DA:15,1
DA:16,1
DA:17,1
DA:18,1
DA:19,1
DA:20,1
DA:21,1
DA:22,1
DA:23,1
DA:25,1
DA:26,1
DA:28,1
DA:29,1
DA:31,1
DA:38,1
DA:39,1
DA:41,1
DA:42,1
DA:50,1
DA:51,1
DA:52,0
DA:55,1
DA:56,1
DA:57,1
DA:59,1
DA:70,1
DA:72,1
DA:73,1
DA:75,1
LF:42
LH:41
BRDA:29,0,0,1
BRDA:29,0,1,0
BRDA:51,1,0,0
BRDA:75,2,0,1
BRDA:75,2,1,1
BRF:5
BRH:3
end_of_record
TN:
SF:src/core/config/config.ts
FNF:0
FNH:0
DA:1,1
DA:4,1
DA:6,1
DA:7,1
DA:9,1
DA:10,1
DA:11,1
DA:12,1
DA:13,1
DA:15,1
DA:16,1
DA:18,1
DA:27,1
LF:13
LH:13
BRDA:9,0,0,1
BRDA:9,0,1,1
BRDA:10,1,0,1
BRDA:10,1,1,1
BRDA:11,2,0,1
BRDA:11,2,1,1
BRDA:12,3,0,1
BRDA:12,3,1,1
BRDA:15,4,0,1
BRDA:15,4,1,1
BRDA:16,5,0,0
BRDA:16,5,1,1
BRF:12
BRH:11
end_of_record
TN:
SF:src/core/database/connection.ts
FN:6,(anonymous_8)
FN:6,(anonymous_9)
FNF:2
FNH:2
FNDA:1,(anonymous_8)
FNDA:1,(anonymous_9)
DA:1,1
DA:2,1
DA:4,1
DA:6,1
DA:7,1
DA:8,1
DA:9,0
DA:11,0
DA:12,0
DA:16,1
LF:10
LH:7
BRF:0
BRH:0
end_of_record
TN:
SF:src/core/database/schemas/chat.schema.ts
FNF:0
FNH:0
DA:1,1
DA:4,1
DA:30,1
DA:31,1
LF:4
LH:4
BRDA:30,0,0,1
BRDA:30,0,1,1
BRF:2
BRH:2
end_of_record
TN:
SF:src/core/database/schemas/credential.schema.ts
FNF:0
FNH:0
DA:1,1
DA:4,1
DA:34,1
DA:35,1
LF:4
LH:4
BRF:0
BRH:0
end_of_record
TN:
SF:src/core/database/schemas/scenario-item.schema.ts
FNF:0
FNH:0
DA:1,1
DA:4,1
DA:44,1
DA:46,1
LF:4
LH:4
BRF:0
BRH:0
end_of_record
TN:
SF:src/core/database/schemas/scenario.schema.ts
FNF:0
FNH:0
DA:1,1
DA:4,1
DA:47,1
DA:49,1
LF:4
LH:4
BRDA:47,0,0,1
BRDA:47,0,1,1
BRF:2
BRH:2
end_of_record
TN:
SF:src/core/database/schemas/session.schema.ts
FNF:0
FNH:0
DA:1,1
DA:4,1
DA:27,1
DA:29,1
LF:4
LH:4
BRDA:27,0,0,1
BRDA:27,0,1,1
BRF:2
BRH:2
end_of_record
TN:
SF:src/core/database/schemas/template-scenario.schema.ts
FNF:0
FNH:0
DA:1,1
DA:4,1
DA:33,1
DA:35,1
LF:4
LH:4
BRF:0
BRH:0
end_of_record
TN:
SF:src/core/database/schemas/user.schema.ts
FNF:0
FNH:0
DA:1,1
DA:4,1
DA:24,1
DA:26,1
LF:4
LH:4
BRF:0
BRH:0
end_of_record
TN:
SF:src/core/database/schemas/userSema.schema.ts
FN:36,(anonymous_14)
FN:45,(anonymous_16)
FNF:2
FNH:0
FNDA:0,(anonymous_14)
FNDA:0,(anonymous_16)
DA:1,1
DA:3,1
DA:5,1
DA:36,1
DA:37,0
DA:38,0
DA:41,0
DA:42,0
DA:45,1
DA:46,0
DA:48,1
DA:50,1
LF:12
LH:7
BRDA:37,0,0,0
BRF:1
BRH:0
end_of_record
TN:
SF:src/core/decorators/controller.ts
FN:7,Controller
FN:14,(anonymous_1)
FNF:2
FNH:2
FNDA:9,Controller
FNDA:9,(anonymous_1)
DA:7,1
DA:14,9
DA:16,9
LF:3
LH:3
BRDA:7,0,0,0
BRF:1
BRH:0
end_of_record
TN:
SF:src/core/decorators/route.ts
FN:12,Route
FN:20,(anonymous_1)
FNF:2
FNH:2
FNDA:52,Route
FNDA:52,(anonymous_1)
DA:12,1
DA:20,52
DA:22,52
DA:24,52
DA:27,52
DA:28,34
DA:32,52
DA:35,52
LF:8
LH:8
BRDA:12,0,0,0
BRDA:24,1,0,52
BRDA:24,1,1,9
BRDA:27,2,0,34
BRDA:32,3,0,0
BRDA:32,3,1,52
BRDA:32,4,0,52
BRDA:32,4,1,52
BRF:8
BRH:6
end_of_record
TN:
SF:src/core/decorators/mongoose/auth.ts
FN:5,MongoUserAuth
FN:6,(anonymous_8)
FN:9,(anonymous_9)
FNF:3
FNH:2
FNDA:1,MongoUserAuth
FNDA:1,(anonymous_8)
FNDA:0,(anonymous_9)
DA:3,1
DA:5,1
DA:6,1
DA:7,1
DA:9,1
DA:10,0
DA:11,0
DA:12,0
DA:13,0
DA:14,0
DA:15,0
DA:21,0
DA:24,0
DA:30,0
DA:33,0
DA:36,1
LF:16
LH:6
BRDA:13,0,0,0
BRDA:13,0,1,0
BRDA:13,1,0,0
BRDA:13,1,1,0
BRF:4
BRH:0
end_of_record
TN:
SF:src/core/decorators/mongoose/create.ts
FN:4,MongoCreate
FN:5,(anonymous_9)
FN:8,(anonymous_10)
FNF:3
FNH:2
FNDA:7,MongoCreate
FNDA:7,(anonymous_9)
FNDA:0,(anonymous_10)
DA:2,1
DA:4,1
DA:5,7
DA:6,7
DA:8,7
DA:9,0
DA:10,0
DA:15,0
DA:17,0
DA:21,0
DA:24,0
DA:27,7
LF:12
LH:6
BRF:0
BRH:0
end_of_record
TN:
SF:src/core/decorators/mongoose/delete.ts
FN:4,MongoDelete
FN:5,(anonymous_8)
FN:8,(anonymous_9)
FNF:3
FNH:2
FNDA:8,MongoDelete
FNDA:8,(anonymous_8)
FNDA:0,(anonymous_9)
DA:4,1
DA:5,8
DA:6,8
DA:8,8
DA:9,0
DA:10,0
DA:12,0
DA:16,0
DA:19,0
DA:22,8
LF:10
LH:5
BRDA:12,0,0,0
BRF:1
BRH:0
end_of_record
TN:
SF:src/core/decorators/mongoose/get.ts
FN:4,MongoGet
FN:5,(anonymous_8)
FN:8,(anonymous_9)
FNF:3
FNH:2
FNDA:8,MongoGet
FNDA:8,(anonymous_8)
FNDA:0,(anonymous_9)
DA:4,1
DA:5,8
DA:6,8
DA:8,8
DA:9,0
DA:10,0
DA:12,0
DA:13,0
DA:15,0
DA:20,0
DA:23,0
DA:26,8
LF:12
LH:5
BRDA:12,0,0,0
BRDA:12,0,1,0
BRF:2
BRH:0
end_of_record
TN:
SF:src/core/decorators/mongoose/getAll.ts
FN:4,MongoGetAll
FN:5,(anonymous_8)
FN:8,(anonymous_9)
FNF:3
FNH:2
FNDA:8,MongoGetAll
FNDA:8,(anonymous_8)
FNDA:0,(anonymous_9)
DA:4,1
DA:5,8
DA:6,8
DA:8,8
DA:9,0
DA:10,0
DA:11,0
DA:15,0
DA:18,0
DA:21,8
LF:10
LH:5
BRF:0
BRH:0
end_of_record
TN:
SF:src/core/decorators/mongoose/getByCredential.ts
FN:4,getByCredential
FN:5,(anonymous_8)
FN:8,(anonymous_9)
FNF:3
FNH:2
FNDA:1,getByCredential
FNDA:1,(anonymous_8)
FNDA:0,(anonymous_9)
DA:4,1
DA:5,1
DA:6,1
DA:8,1
DA:9,0
DA:10,0
DA:11,0
DA:15,0
DA:18,0
DA:21,1
LF:10
LH:5
BRF:0
BRH:0
end_of_record
TN:
SF:src/core/decorators/mongoose/query.ts
FN:4,MongoQuery
FN:5,(anonymous_8)
FN:8,(anonymous_9)
FNF:3
FNH:2
FNDA:7,MongoQuery
FNDA:7,(anonymous_8)
FNDA:0,(anonymous_9)
DA:4,1
DA:5,7
DA:6,7
DA:8,7
DA:9,0
DA:10,0
DA:11,0
DA:15,0
DA:18,0
DA:21,7
LF:10
LH:5
BRF:0
BRH:0
end_of_record
TN:
SF:src/core/decorators/mongoose/register.ts
FN:4,MongoUserRegister
FN:5,(anonymous_9)
FN:8,(anonymous_10)
FNF:3
FNH:2
FNDA:1,MongoUserRegister
FNDA:1,(anonymous_9)
FNDA:0,(anonymous_10)
DA:2,1
DA:4,1
DA:5,1
DA:6,1
DA:8,1
DA:9,0
DA:10,0
DA:11,0
DA:12,0
DA:13,0
DA:15,0
DA:20,0
DA:22,0
DA:26,0
DA:29,0
DA:32,1
LF:16
LH:6
BRDA:12,0,0,0
BRF:1
BRH:0
end_of_record
TN:
SF:src/core/decorators/mongoose/update.ts
FN:4,MongoUpdate
FN:5,(anonymous_8)
FN:8,(anonymous_9)
FNF:3
FNH:2
FNDA:8,MongoUpdate
FNDA:8,(anonymous_8)
FNDA:0,(anonymous_9)
DA:4,1
DA:5,8
DA:6,8
DA:8,8
DA:9,0
DA:10,0
DA:12,0
DA:13,0
DA:16,0
DA:18,0
DA:20,0
DA:24,0
DA:27,0
DA:30,8
LF:14
LH:5
BRDA:12,0,0,0
BRF:1
BRH:0
end_of_record
TN:
SF:src/core/decorators/mongoose/uploadFile.ts
FN:4,MongoUploadFile
FN:5,(anonymous_8)
FN:8,(anonymous_9)
FNF:3
FNH:2
FNDA:1,MongoUploadFile
FNDA:1,(anonymous_8)
FNDA:0,(anonymous_9)
DA:4,1
DA:5,1
DA:6,1
DA:8,1
DA:9,0
DA:16,0
DA:18,0
DA:19,0
DA:21,0
DA:23,0
DA:27,0
DA:30,0
DA:33,1
LF:13
LH:5
BRDA:18,0,0,0
BRF:1
BRH:0
end_of_record
TN:
SF:src/core/enums/message.enum.ts
FN:1,(anonymous_0)
FNF:1
FNH:1
FNDA:1,(anonymous_0)
DA:1,1
DA:2,1
LF:2
LH:2
BRDA:1,0,0,1
BRDA:1,0,1,1
BRF:2
BRH:2
end_of_record
TN:
SF:src/core/enums/scenario.enum.ts
FN:1,(anonymous_0)
FNF:1
FNH:1
FNDA:1,(anonymous_0)
DA:1,1
DA:2,1
DA:3,1
DA:4,1
DA:5,1
DA:6,1
DA:7,1
LF:7
LH:7
BRDA:1,0,0,1
BRDA:1,0,1,1
BRF:2
BRH:2
end_of_record
TN:
SF:src/core/middlewares/declareHandler.ts
FN:18,declareHandler
FNF:1
FNH:1
FNDA:1,declareHandler
DA:18,1
DA:19,1
DA:20,1
DA:21,1
DA:22,1
DA:23,1
DA:24,1
DA:25,1
DA:27,1
LF:9
LH:9
BRF:0
BRH:0
end_of_record
TN:
SF:src/core/middlewares/errorHandler.ts
FN:3,(anonymous_0)
FNF:1
FNH:0
FNDA:0,(anonymous_0)
DA:1,1
DA:3,1
DA:4,0
DA:5,0
DA:6,0
DA:9,1
LF:6
LH:3
BRF:0
BRH:0
end_of_record
TN:
SF:src/core/middlewares/logEvents.ts
FN:8,(anonymous_8)
FN:8,(anonymous_9)
FN:23,(anonymous_10)
FN:29,(anonymous_11)
FNF:4
FNH:0
FNDA:0,(anonymous_8)
FNDA:0,(anonymous_9)
FNDA:0,(anonymous_10)
FNDA:0,(anonymous_11)
DA:1,1
DA:2,1
DA:3,1
DA:4,1
DA:5,1
DA:8,1
DA:9,0
DA:10,0
DA:12,0
DA:13,0
DA:14,0
DA:17,0
DA:19,0
DA:23,1
DA:24,0
DA:25,0
DA:26,0
DA:29,1
DA:30,0
DA:31,0
DA:32,0
DA:35,1
LF:22
LH:9
BRDA:13,0,0,0
BRF:1
BRH:0
end_of_record
TN:
SF:src/core/routes/route.ts
FN:11,defineRoutes
FNF:1
FNH:1
FNDA:1,defineRoutes
DA:11,1
DA:13,1
DA:15,9
DA:18,9
DA:24,9
DA:27,9
DA:30,9
DA:31,34
DA:34,34
DA:37,34
DA:39,34
DA:42,34
DA:44,52
DA:47,52
DA:49,52
DA:52,52
DA:59,9
LF:17
LH:17
BRDA:37,0,0,34
BRDA:47,1,0,52
BRF:2
BRH:2
end_of_record
TN:
SF:src/core/utiles/auth.ts
FN:4,(anonymous_1)
FN:20,(anonymous_2)
FNF:2
FNH:0
FNDA:0,(anonymous_1)
FNDA:0,(anonymous_2)
DA:1,1
DA:4,1
DA:5,0
DA:6,0
DA:17,0
DA:20,1
DA:21,0
DA:27,1
LF:8
LH:4
BRDA:5,0,0,0
BRDA:5,0,1,0
BRF:2
BRH:0
end_of_record
TN:
SF:src/core/utiles/multer-config.ts
FN:5,(anonymous_1)
FN:8,(anonymous_2)
FNF:2
FNH:0
FNDA:0,(anonymous_1)
FNDA:0,(anonymous_2)
DA:1,1
DA:2,1
DA:4,1
DA:6,0
DA:9,0
DA:10,0
DA:14,1
DA:16,1
LF:8
LH:5
BRF:0
BRH:0
end_of_record
TN:
SF:src/core/utiles/whatsapp-helper-method.ts
FN:6,(anonymous_0)
FN:18,(anonymous_1)
FN:29,(anonymous_2)
FN:45,(anonymous_3)
FN:68,(anonymous_4)
FN:79,(anonymous_5)
FN:90,(anonymous_6)
FN:101,(anonymous_7)
FN:115,(anonymous_8)
FN:138,(anonymous_9)
FN:165,(anonymous_10)
FNF:11
FNH:0
FNDA:0,(anonymous_0)
FNDA:0,(anonymous_1)
FNDA:0,(anonymous_2)
FNDA:0,(anonymous_3)
FNDA:0,(anonymous_4)
FNDA:0,(anonymous_5)
FNDA:0,(anonymous_6)
FNDA:0,(anonymous_7)
FNDA:0,(anonymous_8)
FNDA:0,(anonymous_9)
FNDA:0,(anonymous_10)
DA:4,1
DA:7,0
DA:15,0
DA:19,0
DA:31,0
DA:33,0
DA:34,0
DA:37,0
DA:46,0
DA:48,0
DA:50,0
DA:52,0
DA:54,0
DA:56,0
DA:58,0
DA:60,0
DA:69,0
DA:80,0
DA:91,0
DA:102,0
DA:116,0
DA:139,0
DA:166,0
LF:23
LH:1
BRDA:19,0,0,0
BRDA:19,0,1,0
BRDA:19,0,2,0
BRDA:19,0,3,0
BRDA:19,0,4,0
BRDA:31,1,0,0
BRDA:31,1,1,0
BRDA:31,1,2,0
BRDA:46,2,0,0
BRDA:46,2,1,0
BRDA:46,2,2,0
BRDA:46,2,3,0
BRDA:46,2,4,0
BRDA:46,2,5,0
BRDA:46,2,6,0
BRF:15
BRH:0
end_of_record
TN:
SF:src/modules/chat/chat.controller.ts
FN:16,(anonymous_2)
FN:22,(anonymous_3)
FN:27,(anonymous_4)
FN:32,(anonymous_5)
FN:37,(anonymous_6)
FN:42,(anonymous_7)
FNF:6
FNH:0
FNDA:0,(anonymous_2)
FNDA:0,(anonymous_3)
FNDA:0,(anonymous_4)
FNDA:0,(anonymous_5)
FNDA:0,(anonymous_6)
FNDA:0,(anonymous_7)
DA:2,1
DA:3,1
DA:4,1
DA:5,1
DA:6,1
DA:7,1
DA:8,1
DA:9,1
DA:10,1
DA:13,1
DA:16,1
DA:17,0
DA:22,1
DA:23,0
DA:27,1
DA:28,0
DA:32,1
DA:33,0
DA:37,1
DA:38,0
DA:42,1
DA:43,0
DA:51,1
LF:23
LH:17
BRF:0
BRH:0
end_of_record
TN:
SF:src/modules/conversation/conversation.controller.ts
FN:16,(anonymous_2)
FN:22,(anonymous_3)
FN:27,(anonymous_4)
FN:32,(anonymous_5)
FN:37,(anonymous_6)
FN:42,(anonymous_7)
FNF:6
FNH:0
FNDA:0,(anonymous_2)
FNDA:0,(anonymous_3)
FNDA:0,(anonymous_4)
FNDA:0,(anonymous_5)
FNDA:0,(anonymous_6)
FNDA:0,(anonymous_7)
DA:2,1
DA:3,1
DA:4,1
DA:5,1
DA:6,1
DA:7,1
DA:8,1
DA:9,1
DA:10,1
DA:13,1
DA:16,1
DA:17,0
DA:22,1
DA:23,0
DA:27,1
DA:28,0
DA:32,1
DA:33,0
DA:37,1
DA:38,0
DA:42,1
DA:43,0
DA:51,1
LF:23
LH:17
BRF:0
BRH:0
end_of_record
TN:
SF:src/modules/credential/credential.controller.ts
FN:16,(anonymous_2)
FN:22,(anonymous_3)
FN:27,(anonymous_4)
FN:32,(anonymous_5)
FN:37,(anonymous_6)
FN:42,(anonymous_7)
FNF:6
FNH:0
FNDA:0,(anonymous_2)
FNDA:0,(anonymous_3)
FNDA:0,(anonymous_4)
FNDA:0,(anonymous_5)
FNDA:0,(anonymous_6)
FNDA:0,(anonymous_7)
DA:2,1
DA:3,1
DA:4,1
DA:5,1
DA:6,1
DA:7,1
DA:8,1
DA:9,1
DA:10,1
DA:13,1
DA:16,1
DA:17,0
DA:22,1
DA:23,0
DA:27,1
DA:28,0
DA:32,1
DA:33,0
DA:37,1
DA:38,0
DA:42,1
DA:43,0
DA:51,1
LF:23
LH:17
BRF:0
BRH:0
end_of_record
TN:
SF:src/modules/credential/credential.repository.ts
FN:5,(anonymous_8)
FNF:1
FNH:0
FNDA:0,(anonymous_8)
DA:1,1
DA:6,0
DA:7,0
DA:11,1
LF:4
LH:2
BRF:0
BRH:0
end_of_record
TN:
SF:src/modules/scenario/scenario.controller.ts
FN:17,(anonymous_2)
FN:23,(anonymous_3)
FN:29,(anonymous_4)
FN:34,(anonymous_5)
FN:39,(anonymous_6)
FN:44,(anonymous_7)
FN:49,(anonymous_8)
FNF:7
FNH:0
FNDA:0,(anonymous_2)
FNDA:0,(anonymous_3)
FNDA:0,(anonymous_4)
FNDA:0,(anonymous_5)
FNDA:0,(anonymous_6)
FNDA:0,(anonymous_7)
FNDA:0,(anonymous_8)
DA:2,1
DA:3,1
DA:4,1
DA:5,1
DA:6,1
DA:7,1
DA:8,1
DA:9,1
DA:10,1
DA:11,1
DA:14,1
DA:17,1
DA:18,0
DA:23,1
DA:24,0
DA:29,1
DA:30,0
DA:34,1
DA:35,0
DA:39,1
DA:40,0
DA:44,1
DA:45,0
DA:49,1
DA:50,0
DA:58,1
LF:26
LH:19
BRF:0
BRH:0
end_of_record
TN:
SF:src/modules/scenario/scenario.repository.ts
FN:7,(anonymous_8)
FN:29,(anonymous_10)
FNF:2
FNH:0
FNDA:0,(anonymous_8)
FNDA:0,(anonymous_10)
DA:1,1
DA:2,1
DA:3,1
DA:8,0
DA:10,0
DA:12,0
DA:13,0
DA:17,0
DA:22,0
DA:24,0
DA:25,0
DA:30,0
DA:32,0
DA:34,0
DA:35,0
DA:39,0
DA:40,0
DA:41,0
DA:42,0
DA:46,0
DA:48,0
DA:49,0
DA:55,1
LF:23
LH:4
BRDA:12,0,0,0
BRDA:34,1,0,0
BRDA:41,2,0,0
BRDA:41,3,0,0
BRDA:41,3,1,0
BRDA:41,4,0,0
BRDA:41,4,1,0
BRDA:41,5,0,0
BRDA:41,5,1,0
BRF:9
BRH:0
end_of_record
TN:
SF:src/modules/scenario-item/scenario-item.controller.ts
FN:18,(anonymous_2)
FN:24,(anonymous_3)
FN:29,(anonymous_4)
FN:34,(anonymous_5)
FN:40,(anonymous_6)
FN:45,(anonymous_7)
FN:50,(anonymous_8)
FNF:7
FNH:0
FNDA:0,(anonymous_2)
FNDA:0,(anonymous_3)
FNDA:0,(anonymous_4)
FNDA:0,(anonymous_5)
FNDA:0,(anonymous_6)
FNDA:0,(anonymous_7)
FNDA:0,(anonymous_8)
DA:2,1
DA:3,1
DA:4,1
DA:5,1
DA:6,1
DA:7,1
DA:8,1
DA:9,1
DA:10,1
DA:11,1
DA:12,1
DA:15,1
DA:18,1
DA:19,0
DA:24,1
DA:25,0
DA:29,1
DA:30,0
DA:34,1
DA:35,0
DA:40,1
DA:41,0
DA:45,1
DA:46,0
DA:50,1
DA:51,0
DA:55,1
LF:27
LH:20
BRF:0
BRH:0
end_of_record
TN:
SF:src/modules/session/session.repository.ts
FN:6,(anonymous_8)
FNF:1
FNH:0
FNDA:0,(anonymous_8)
DA:1,1
DA:2,1
DA:7,0
DA:9,0
DA:11,0
DA:12,0
DA:15,0
DA:20,0
DA:22,0
DA:23,0
DA:28,1
LF:11
LH:3
BRDA:11,0,0,0
BRF:1
BRH:0
end_of_record
TN:
SF:src/modules/template-scenario/template-scenario.contoller.ts
FN:16,(anonymous_2)
FN:22,(anonymous_3)
FN:27,(anonymous_4)
FN:32,(anonymous_5)
FN:37,(anonymous_6)
FN:42,(anonymous_7)
FNF:6
FNH:0
FNDA:0,(anonymous_2)
FNDA:0,(anonymous_3)
FNDA:0,(anonymous_4)
FNDA:0,(anonymous_5)
FNDA:0,(anonymous_6)
FNDA:0,(anonymous_7)
DA:2,1
DA:3,1
DA:4,1
DA:5,1
DA:6,1
DA:7,1
DA:8,1
DA:9,1
DA:10,1
DA:13,1
DA:16,1
DA:17,0
DA:22,1
DA:23,0
DA:27,1
DA:28,0
DA:32,1
DA:33,0
DA:37,1
DA:38,0
DA:42,1
DA:43,0
DA:51,1
LF:23
LH:17
BRF:0
BRH:0
end_of_record
TN:
SF:src/modules/user/user.controller.ts
FN:16,(anonymous_2)
FN:22,(anonymous_3)
FN:27,(anonymous_4)
FN:32,(anonymous_5)
FN:37,(anonymous_6)
FN:42,(anonymous_7)
FNF:6
FNH:0
FNDA:0,(anonymous_2)
FNDA:0,(anonymous_3)
FNDA:0,(anonymous_4)
FNDA:0,(anonymous_5)
FNDA:0,(anonymous_6)
FNDA:0,(anonymous_7)
DA:2,1
DA:3,1
DA:4,1
DA:5,1
DA:6,1
DA:7,1
DA:8,1
DA:9,1
DA:10,1
DA:13,1
DA:16,1
DA:17,0
DA:22,1
DA:23,0
DA:27,1
DA:28,0
DA:32,1
DA:33,0
DA:37,1
DA:38,0
DA:42,1
DA:43,0
DA:47,1
LF:23
LH:17
BRF:0
BRH:0
end_of_record
TN:
SF:src/modules/usersema/usersema.controller.ts
FN:18,(anonymous_2)
FN:24,(anonymous_3)
FN:29,(anonymous_4)
FN:34,(anonymous_5)
FN:39,(anonymous_6)
FN:44,(anonymous_7)
FNF:6
FNH:0
FNDA:0,(anonymous_2)
FNDA:0,(anonymous_3)
FNDA:0,(anonymous_4)
FNDA:0,(anonymous_5)
FNDA:0,(anonymous_6)
FNDA:0,(anonymous_7)
DA:2,1
DA:3,1
DA:6,1
DA:7,1
DA:8,1
DA:9,1
DA:10,1
DA:11,1
DA:12,1
DA:15,1
DA:18,1
DA:19,0
DA:24,1
DA:25,0
DA:29,1
DA:30,0
DA:34,1
DA:35,0
DA:39,1
DA:40,0
DA:44,1
DA:45,0
DA:49,1
LF:23
LH:17
BRF:0
BRH:0
end_of_record
TN:
SF:src/modules/webhook/webhook.controller.ts
FN:11,(anonymous_8)
FN:33,(anonymous_10)
FNF:2
FNH:0
FNDA:0,(anonymous_8)
FNDA:0,(anonymous_10)
DA:2,1
DA:3,1
DA:4,1
DA:6,1
DA:9,1
DA:11,1
DA:12,0
DA:13,0
DA:14,0
DA:16,0
DA:17,0
DA:18,0
DA:20,0
DA:22,0
DA:23,0
DA:25,0
DA:28,0
DA:33,1
DA:34,0
DA:36,0
DA:37,0
DA:41,0
DA:44,0
DA:47,0
DA:52,1
LF:25
LH:8
BRDA:22,0,0,0
BRDA:22,0,1,0
BRDA:36,1,0,0
BRF:3
BRH:0
end_of_record
TN:
SF:src/modules/webhook/webhook.service.ts
FN:12,(anonymous_7)
FN:26,(anonymous_9)
FN:45,(anonymous_11)
FN:58,(anonymous_13)
FN:62,(anonymous_14)
FN:66,(anonymous_15)
FN:69,(anonymous_16)
FN:73,(anonymous_17)
FNF:8
FNH:0
FNDA:0,(anonymous_7)
FNDA:0,(anonymous_9)
FNDA:0,(anonymous_11)
FNDA:0,(anonymous_13)
FNDA:0,(anonymous_14)
FNDA:0,(anonymous_15)
FNDA:0,(anonymous_16)
FNDA:0,(anonymous_17)
DA:2,1
DA:3,1
DA:6,1
DA:7,1
DA:8,1
DA:9,1
DA:13,0
DA:15,0
DA:16,0
DA:17,0
DA:18,0
DA:20,0
DA:23,0
DA:27,0
DA:29,0
DA:30,0
DA:32,0
DA:33,0
DA:35,0
DA:36,0
DA:38,0
DA:39,0
DA:41,0
DA:47,0
DA:49,0
DA:50,0
DA:51,0
DA:52,0
DA:54,0
DA:79,1
LF:30
LH:7
BRDA:15,0,0,0
BRDA:15,1,0,0
BRDA:15,1,1,0
BRDA:15,1,2,0
BRDA:16,2,0,0
BRDA:16,2,1,0
BRDA:16,3,0,0
BRDA:16,3,1,0
BRDA:27,4,0,0
BRDA:27,4,1,0
BRDA:27,4,2,0
BRDA:27,4,3,0
BRDA:27,4,4,0
BRDA:49,5,0,0
BRDA:51,6,0,0
BRF:15
BRH:0
end_of_record
